<?xml version="1.0" encoding="UTF-8"?>
<coverage generated="1775962602372" clover="3.2.0">
  <project timestamp="1775962602372" name="All files">
    <metrics statements="541" coveredstatements="427" conditionals="409" coveredconditionals="278" methods="107" coveredmethods="76" elements="1057" coveredelements="781" complexity="0" loc="541" ncloc="541" packages="1" files="7" classes="7"/>
    <file name="applicationService.js" path="C:\Users\THIAGO HENRIQUE\Documents\Projeto - Tcc\src\services\applicationService.js">
      <metrics statements="119" coveredstatements="93" conditionals="118" coveredconditionals="74" methods="23" coveredmethods="17"/>
      <line num="2" count="3" type="stmt"/>
      <line num="3" count="3" type="stmt"/>
      <line num="4" count="3" type="stmt"/>
      <line num="5" count="3" type="stmt"/>
      <line num="6" count="3" type="stmt"/>
      <line num="7" count="3" type="stmt"/>
      <line num="8" count="3" type="stmt"/>
      <line num="9" count="3" type="stmt"/>
      <line num="16" count="13" type="stmt"/>
      <line num="19" count="13" type="stmt"/>
      <line num="22" count="13" type="stmt"/>
      <line num="23" count="13" type="cond" truecount="1" falsecount="1"/>
      <line num="24" count="13" type="stmt"/>
      <line num="33" count="13" type="stmt"/>
      <line num="34" count="13" type="cond" truecount="3" falsecount="0"/>
      <line num="35" count="13" type="cond" truecount="3" falsecount="0"/>
      <line num="36" count="13" type="cond" truecount="3" falsecount="0"/>
      <line num="37" count="13" type="cond" truecount="3" falsecount="0"/>
      <line num="38" count="13" type="cond" truecount="3" falsecount="0"/>
      <line num="40" count="13" type="stmt"/>
      <line num="42" count="13" type="stmt"/>
      <line num="43" count="13" type="stmt"/>
      <line num="45" count="13" type="stmt"/>
      <line num="46" count="13" type="stmt"/>
      <line num="54" count="13" type="cond" truecount="2" falsecount="0"/>
      <line num="70" count="7" type="stmt"/>
      <line num="71" count="7" type="stmt"/>
      <line num="73" count="7" type="stmt"/>
      <line num="74" count="7" type="stmt"/>
      <line num="75" count="7" type="stmt"/>
      <line num="76" count="7" type="cond" truecount="2" falsecount="0"/>
      <line num="78" count="7" type="cond" truecount="5" falsecount="0"/>
      <line num="80" count="6" type="cond" truecount="2" falsecount="0"/>
      <line num="81" count="1" type="stmt"/>
      <line num="82" count="5" type="cond" truecount="2" falsecount="0"/>
      <line num="83" count="3" type="stmt"/>
      <line num="84" count="2" type="cond" truecount="1" falsecount="1"/>
      <line num="85" count="0" type="stmt"/>
      <line num="87" count="2" type="stmt"/>
      <line num="90" count="6" type="stmt"/>
      <line num="98" count="7" type="stmt"/>
      <line num="103" count="7" type="cond" truecount="2" falsecount="0"/>
      <line num="104" count="1" type="stmt"/>
      <line num="106" count="1" type="cond" truecount="1" falsecount="1"/>
      <line num="110" count="1" type="stmt"/>
      <line num="116" count="7" type="cond" truecount="2" falsecount="0"/>
      <line num="117" count="2" type="stmt"/>
      <line num="119" count="7" type="cond" truecount="2" falsecount="0"/>
      <line num="120" count="1" type="stmt"/>
      <line num="129" count="5" type="cond" truecount="1" falsecount="1"/>
      <line num="130" count="5" type="stmt"/>
      <line num="131" count="5" type="stmt"/>
      <line num="136" count="5" type="stmt"/>
      <line num="137" count="5" type="cond" truecount="1" falsecount="1"/>
      <line num="138" count="5" type="stmt"/>
      <line num="144" count="5" type="cond" truecount="1" falsecount="1"/>
      <line num="145" count="5" type="stmt"/>
      <line num="167" count="0" type="cond" truecount="0" falsecount="2"/>
      <line num="168" count="0" type="stmt"/>
      <line num="172" count="0" type="stmt"/>
      <line num="175" count="0" type="stmt"/>
      <line num="176" count="0" type="cond" truecount="0" falsecount="2"/>
      <line num="177" count="0" type="stmt"/>
      <line num="185" count="0" type="stmt"/>
      <line num="192" count="0" type="stmt"/>
      <line num="193" count="0" type="stmt"/>
      <line num="198" count="0" type="cond" truecount="0" falsecount="2"/>
      <line num="199" count="0" type="cond" truecount="0" falsecount="2"/>
      <line num="200" count="0" type="stmt"/>
      <line num="228" count="11" type="stmt"/>
      <line num="229" count="11" type="stmt"/>
      <line num="231" count="11" type="stmt"/>
      <line num="234" count="11" type="stmt"/>
      <line num="235" count="5" type="stmt"/>
      <line num="236" count="5" type="stmt"/>
      <line num="237" count="5" type="stmt"/>
      <line num="239" count="11" type="stmt"/>
      <line num="241" count="0" type="stmt"/>
      <line num="246" count="13" type="stmt"/>
      <line num="247" count="13" type="cond" truecount="1" falsecount="1"/>
      <line num="248" count="13" type="stmt"/>
      <line num="249" count="13" type="stmt"/>
      <line num="250" count="0" type="stmt"/>
      <line num="251" count="0" type="cond" truecount="0" falsecount="3"/>
      <line num="253" count="13" type="cond" truecount="1" falsecount="1"/>
      <line num="255" count="0" type="stmt"/>
      <line num="256" count="0" type="stmt"/>
      <line num="261" count="0" type="stmt"/>
      <line num="262" count="0" type="cond" truecount="0" falsecount="2"/>
      <line num="263" count="0" type="stmt"/>
      <line num="264" count="0" type="stmt"/>
      <line num="265" count="0" type="cond" truecount="0" falsecount="2"/>
      <line num="267" count="0" type="stmt"/>
      <line num="272" count="7" type="stmt"/>
      <line num="273" count="7" type="stmt"/>
      <line num="274" count="7" type="cond" truecount="1" falsecount="1"/>
      <line num="275" count="7" type="stmt"/>
      <line num="276" count="7" type="stmt"/>
      <line num="278" count="7" type="cond" truecount="1" falsecount="1"/>
      <line num="280" count="5" type="cond" truecount="5" falsecount="1"/>
      <line num="282" count="7" type="stmt"/>
      <line num="286" count="7" type="cond" truecount="1" falsecount="1"/>
      <line num="288" count="7" type="cond" truecount="1" falsecount="1"/>
      <line num="292" count="7" type="stmt"/>
      <line num="298" count="7" type="stmt"/>
      <line num="300" count="0" type="stmt"/>
      <line num="305" count="13" type="stmt"/>
      <line num="316" count="13" type="stmt"/>
      <line num="322" count="13" type="stmt"/>
      <line num="326" count="52" type="cond" truecount="1" falsecount="1"/>
      <line num="331" count="13" type="stmt"/>
      <line num="344" count="1" type="stmt"/>
      <line num="345" count="1" type="stmt"/>
      <line num="346" count="1" type="cond" truecount="1" falsecount="1"/>
      <line num="347" count="1" type="cond" truecount="1" falsecount="1"/>
      <line num="348" count="1" type="stmt"/>
      <line num="366" count="1" type="stmt"/>
      <line num="368" count="0" type="stmt"/>
      <line num="372" count="3" type="stmt"/>
    </file>
    <file name="availabilityService.js" path="C:\Users\THIAGO HENRIQUE\Documents\Projeto - Tcc\src\services\availabilityService.js">
      <metrics statements="50" coveredstatements="46" conditionals="21" coveredconditionals="18" methods="8" coveredmethods="8"/>
      <line num="13" count="5" type="stmt"/>
      <line num="14" count="5" type="stmt"/>
      <line num="15" count="5" type="stmt"/>
      <line num="19" count="5" type="stmt"/>
      <line num="31" count="5" type="stmt"/>
      <line num="37" count="5" type="stmt"/>
      <line num="38" count="5" type="stmt"/>
      <line num="43" count="3" type="stmt"/>
      <line num="44" count="3" type="stmt"/>
      <line num="45" count="3" type="stmt"/>
      <line num="55" count="27" type="stmt"/>
      <line num="64" count="7" type="cond" truecount="2" falsecount="0"/>
      <line num="65" count="1" type="stmt"/>
      <line num="68" count="6" type="stmt"/>
      <line num="77" count="6" type="stmt"/>
      <line num="93" count="6" type="stmt"/>
      <line num="94" count="6" type="stmt"/>
      <line num="95" count="6" type="cond" truecount="4" falsecount="0"/>
      <line num="98" count="4" type="stmt"/>
      <line num="102" count="4" type="cond" truecount="2" falsecount="0"/>
      <line num="103" count="1" type="cond" truecount="1" falsecount="1"/>
      <line num="105" count="1" type="stmt"/>
      <line num="107" count="1" type="stmt"/>
      <line num="111" count="3" type="stmt"/>
      <line num="112" count="3" type="cond" truecount="2" falsecount="0"/>
      <line num="113" count="2" type="cond" truecount="2" falsecount="0"/>
      <line num="114" count="1" type="stmt"/>
      <line num="115" count="1" type="stmt"/>
      <line num="117" count="1" type="stmt"/>
      <line num="120" count="1" type="stmt"/>
      <line num="122" count="0" type="stmt"/>
      <line num="123" count="0" type="stmt"/>
      <line num="133" count="2" type="stmt"/>
      <line num="141" count="3" type="stmt"/>
      <line num="147" count="3" type="stmt"/>
      <line num="150" count="3" type="stmt"/>
      <line num="153" count="3" type="cond" truecount="2" falsecount="0"/>
      <line num="156" count="2" type="stmt"/>
      <line num="157" count="2" type="stmt"/>
      <line num="160" count="2" type="cond" truecount="1" falsecount="1"/>
      <line num="163" count="2" type="stmt"/>
      <line num="166" count="2" type="stmt"/>
      <line num="170" count="1" type="stmt"/>
      <line num="171" count="1" type="stmt"/>
      <line num="172" count="1" type="stmt"/>
      <line num="174" count="1" type="stmt"/>
      <line num="181" count="1" type="cond" truecount="1" falsecount="1"/>
      <line num="182" count="0" type="stmt"/>
      <line num="188" count="0" type="stmt"/>
      <line num="194" count="5" type="stmt"/>
    </file>
    <file name="onboardingService.js" path="C:\Users\THIAGO HENRIQUE\Documents\Projeto - Tcc\src\services\onboardingService.js">
      <metrics statements="40" coveredstatements="38" conditionals="33" coveredconditionals="32" methods="8" coveredmethods="8"/>
      <line num="1" count="1" type="stmt"/>
      <line num="2" count="1" type="stmt"/>
      <line num="8" count="1" type="stmt"/>
      <line num="17" count="1" type="stmt"/>
      <line num="32" count="115" type="stmt"/>
      <line num="33" count="115" type="cond" truecount="2" falsecount="0"/>
      <line num="34" count="66" type="cond" truecount="6" falsecount="0"/>
      <line num="36" count="11" type="cond" truecount="3" falsecount="0"/>
      <line num="38" count="11" type="stmt"/>
      <line num="40" count="11" type="stmt"/>
      <line num="42" count="11" type="stmt"/>
      <line num="44" count="11" type="stmt"/>
      <line num="46" count="11" type="stmt"/>
      <line num="49" count="49" type="cond" truecount="7" falsecount="0"/>
      <line num="51" count="7" type="cond" truecount="3" falsecount="0"/>
      <line num="53" count="7" type="stmt"/>
      <line num="55" count="7" type="stmt"/>
      <line num="57" count="7" type="stmt"/>
      <line num="58" count="7" type="cond" truecount="2" falsecount="0"/>
      <line num="59" count="5" type="stmt"/>
      <line num="63" count="7" type="stmt"/>
      <line num="66" count="7" type="stmt"/>
      <line num="73" count="7" type="stmt"/>
      <line num="77" count="7" type="stmt"/>
      <line num="78" count="7" type="cond" truecount="2" falsecount="0"/>
      <line num="79" count="5" type="stmt"/>
      <line num="81" count="5" type="stmt"/>
      <line num="89" count="0" type="stmt"/>
      <line num="91" count="0" type="stmt"/>
      <line num="107" count="19" type="cond" truecount="2" falsecount="0"/>
      <line num="109" count="18" type="stmt"/>
      <line num="110" count="18" type="cond" truecount="2" falsecount="0"/>
      <line num="112" count="115" type="stmt"/>
      <line num="114" count="115" type="stmt"/>
      <line num="115" count="115" type="stmt"/>
      <line num="116" count="18" type="stmt"/>
      <line num="117" count="18" type="stmt"/>
      <line num="119" count="18" type="stmt"/>
      <line num="131" count="1" type="stmt"/>
      <line num="134" count="1" type="stmt"/>
    </file>
    <file name="responsividadeService.js" path="C:\Users\THIAGO HENRIQUE\Documents\Projeto - Tcc\src\services\responsividadeService.js">
      <metrics statements="33" coveredstatements="33" conditionals="18" coveredconditionals="18" methods="6" coveredmethods="6"/>
      <line num="5" count="2" type="stmt"/>
      <line num="6" count="2" type="stmt"/>
      <line num="7" count="2" type="stmt"/>
      <line num="15" count="14" type="stmt"/>
      <line num="16" count="14" type="cond" truecount="2" falsecount="0"/>
      <line num="18" count="42" type="stmt"/>
      <line num="19" count="11" type="stmt"/>
      <line num="21" count="11" type="stmt"/>
      <line num="22" count="11" type="cond" truecount="2" falsecount="0"/>
      <line num="23" count="9" type="stmt"/>
      <line num="24" count="27" type="stmt"/>
      <line num="25" count="9" type="stmt"/>
      <line num="28" count="11" type="stmt"/>
      <line num="42" count="9" type="cond" truecount="4" falsecount="0"/>
      <line num="43" count="7" type="stmt"/>
      <line num="45" count="7" type="stmt"/>
      <line num="49" count="6" type="cond" truecount="2" falsecount="0"/>
      <line num="51" count="5" type="stmt"/>
      <line num="52" count="5" type="stmt"/>
      <line num="55" count="5" type="stmt"/>
      <line num="61" count="5" type="stmt"/>
      <line num="62" count="5" type="stmt"/>
      <line num="63" count="20" type="stmt"/>
      <line num="64" count="20" type="cond" truecount="2" falsecount="0"/>
      <line num="65" count="20" type="stmt"/>
      <line num="68" count="5" type="stmt"/>
      <line num="69" count="5" type="stmt"/>
      <line num="70" count="5" type="cond" truecount="2" falsecount="0"/>
      <line num="71" count="5" type="cond" truecount="2" falsecount="0"/>
      <line num="73" count="5" type="stmt"/>
      <line num="75" count="1" type="stmt"/>
      <line num="76" count="1" type="stmt"/>
      <line num="80" count="2" type="stmt"/>
    </file>
    <file name="searchService.js" path="C:\Users\THIAGO HENRIQUE\Documents\Projeto - Tcc\src\services\searchService.js">
      <metrics statements="68" coveredstatements="54" conditionals="87" coveredconditionals="57" methods="14" coveredmethods="9"/>
      <line num="1" count="1" type="stmt"/>
      <line num="2" count="1" type="stmt"/>
      <line num="3" count="1" type="stmt"/>
      <line num="4" count="1" type="stmt"/>
      <line num="5" count="1" type="stmt"/>
      <line num="7" count="1" type="stmt"/>
      <line num="13" count="6" type="cond" truecount="4" falsecount="0"/>
      <line num="14" count="4" type="stmt"/>
      <line num="15" count="4" type="stmt"/>
      <line num="16" count="3" type="stmt"/>
      <line num="17" count="1" type="stmt"/>
      <line num="24" count="4" type="stmt"/>
      <line num="25" count="4" type="stmt"/>
      <line num="26" count="4" type="stmt"/>
      <line num="27" count="4" type="stmt"/>
      <line num="29" count="4" type="cond" truecount="4" falsecount="0"/>
      <line num="30" count="1" type="stmt"/>
      <line num="38" count="1" type="stmt"/>
      <line num="45" count="1" type="stmt"/>
      <line num="47" count="1" type="cond" truecount="2" falsecount="3"/>
      <line num="48" count="0" type="stmt"/>
      <line num="49" count="0" type="stmt"/>
      <line num="51" count="0" type="stmt"/>
      <line num="52" count="0" type="stmt"/>
      <line num="54" count="0" type="cond" truecount="0" falsecount="2"/>
      <line num="55" count="0" type="stmt"/>
      <line num="63" count="4" type="cond" truecount="1" falsecount="1"/>
      <line num="64" count="4" type="stmt"/>
      <line num="65" count="4" type="cond" truecount="2" falsecount="0"/>
      <line num="66" count="4" type="cond" truecount="4" falsecount="0"/>
      <line num="67" count="4" type="cond" truecount="2" falsecount="2"/>
      <line num="68" count="4" type="cond" truecount="1" falsecount="1"/>
      <line num="69" count="4" type="cond" truecount="2" falsecount="0"/>
      <line num="71" count="4" type="cond" truecount="2" falsecount="0"/>
      <line num="72" count="4" type="stmt"/>
      <line num="74" count="4" type="stmt"/>
      <line num="75" count="4" type="stmt"/>
      <line num="78" count="4" type="cond" truecount="2" falsecount="2"/>
      <line num="79" count="0" type="stmt"/>
      <line num="80" count="0" type="stmt"/>
      <line num="81" count="0" type="cond" truecount="0" falsecount="2"/>
      <line num="82" count="0" type="cond" truecount="0" falsecount="4"/>
      <line num="83" count="0" type="cond" truecount="0" falsecount="2"/>
      <line num="88" count="4" type="cond" truecount="2" falsecount="2"/>
      <line num="89" count="0" type="stmt"/>
      <line num="90" count="0" type="stmt"/>
      <line num="91" count="0" type="stmt"/>
      <line num="96" count="4" type="stmt"/>
      <line num="103" count="4" type="cond" truecount="2" falsecount="0"/>
      <line num="104" count="4" type="stmt"/>
      <line num="105" count="4" type="stmt"/>
      <line num="115" count="2" type="stmt"/>
      <line num="116" count="2" type="stmt"/>
      <line num="117" count="1" type="stmt"/>
      <line num="118" count="1" type="stmt"/>
      <line num="125" count="9" type="stmt"/>
      <line num="126" count="9" type="cond" truecount="2" falsecount="0"/>
      <line num="127" count="9" type="cond" truecount="4" falsecount="0"/>
      <line num="128" count="9" type="cond" truecount="3" falsecount="1"/>
      <line num="129" count="9" type="cond" truecount="3" falsecount="1"/>
      <line num="130" count="9" type="cond" truecount="3" falsecount="1"/>
      <line num="131" count="9" type="cond" truecount="2" falsecount="0"/>
      <line num="132" count="9" type="stmt"/>
      <line num="134" count="9" type="stmt"/>
      <line num="135" count="9" type="stmt"/>
      <line num="136" count="19" type="stmt"/>
      <line num="139" count="9" type="stmt"/>
      <line num="149" count="1" type="stmt"/>
    </file>
    <file name="similarCandidatesService.js" path="C:\Users\THIAGO HENRIQUE\Documents\Projeto - Tcc\src\services\similarCandidatesService.js">
      <metrics statements="107" coveredstatements="61" conditionals="54" coveredconditionals="28" methods="21" coveredmethods="10"/>
      <line num="11" count="2" type="stmt"/>
      <line num="12" count="2" type="stmt"/>
      <line num="13" count="2" type="stmt"/>
      <line num="14" count="2" type="stmt"/>
      <line num="15" count="2" type="stmt"/>
      <line num="16" count="2" type="stmt"/>
      <line num="17" count="2" type="stmt"/>
      <line num="18" count="2" type="stmt"/>
      <line num="20" count="2" type="stmt"/>
      <line num="21" count="2" type="stmt"/>
      <line num="22" count="2" type="stmt"/>
      <line num="32" count="8" type="stmt"/>
      <line num="33" count="8" type="stmt"/>
      <line num="34" count="8" type="cond" truecount="4" falsecount="0"/>
      <line num="37" count="6" type="stmt"/>
      <line num="41" count="6" type="stmt"/>
      <line num="42" count="6" type="stmt"/>
      <line num="45" count="6" type="stmt"/>
      <line num="46" count="6" type="stmt"/>
      <line num="55" count="6" type="cond" truecount="2" falsecount="0"/>
      <line num="58" count="9" type="stmt"/>
      <line num="59" count="5" type="stmt"/>
      <line num="60" count="8" type="stmt"/>
      <line num="63" count="5" type="stmt"/>
      <line num="64" count="5" type="cond" truecount="1" falsecount="1"/>
      <line num="67" count="5" type="stmt"/>
      <line num="68" count="5" type="stmt"/>
      <line num="69" count="0" type="stmt"/>
      <line num="70" count="0" type="stmt"/>
      <line num="73" count="5" type="stmt"/>
      <line num="74" count="5" type="stmt"/>
      <line num="77" count="5" type="stmt"/>
      <line num="78" count="9" type="cond" truecount="2" falsecount="0"/>
      <line num="80" count="8" type="stmt"/>
      <line num="81" count="8" type="cond" truecount="2" falsecount="0"/>
      <line num="83" count="7" type="stmt"/>
      <line num="84" count="33" type="stmt"/>
      <line num="86" count="7" type="stmt"/>
      <line num="88" count="7" type="stmt"/>
      <line num="89" count="7" type="cond" truecount="2" falsecount="2"/>
      <line num="90" count="0" type="stmt"/>
      <line num="91" count="0" type="stmt"/>
      <line num="92" count="0" type="stmt"/>
      <line num="95" count="7" type="stmt"/>
      <line num="96" count="7" type="cond" truecount="2" falsecount="0"/>
      <line num="98" count="6" type="stmt"/>
      <line num="99" count="30" type="stmt"/>
      <line num="102" count="6" type="stmt"/>
      <line num="117" count="5" type="stmt"/>
      <line num="118" count="4" type="stmt"/>
      <line num="121" count="0" type="stmt"/>
      <line num="122" count="0" type="stmt"/>
      <line num="141" count="0" type="stmt"/>
      <line num="142" count="0" type="stmt"/>
      <line num="147" count="0" type="cond" truecount="0" falsecount="4"/>
      <line num="149" count="0" type="stmt"/>
      <line num="150" count="0" type="stmt"/>
      <line num="153" count="0" type="stmt"/>
      <line num="157" count="0" type="stmt"/>
      <line num="158" count="0" type="stmt"/>
      <line num="160" count="0" type="stmt"/>
      <line num="161" count="0" type="stmt"/>
      <line num="170" count="0" type="cond" truecount="0" falsecount="2"/>
      <line num="172" count="0" type="stmt"/>
      <line num="173" count="0" type="stmt"/>
      <line num="174" count="0" type="stmt"/>
      <line num="176" count="0" type="stmt"/>
      <line num="177" count="0" type="stmt"/>
      <line num="179" count="0" type="stmt"/>
      <line num="180" count="0" type="cond" truecount="0" falsecount="2"/>
      <line num="182" count="0" type="stmt"/>
      <line num="183" count="0" type="cond" truecount="0" falsecount="2"/>
      <line num="185" count="0" type="stmt"/>
      <line num="186" count="0" type="stmt"/>
      <line num="188" count="0" type="stmt"/>
      <line num="189" count="0" type="cond" truecount="0" falsecount="4"/>
      <line num="190" count="0" type="stmt"/>
      <line num="191" count="0" type="stmt"/>
      <line num="192" count="0" type="stmt"/>
      <line num="195" count="0" type="stmt"/>
      <line num="196" count="0" type="stmt"/>
      <line num="197" count="0" type="cond" truecount="0" falsecount="2"/>
      <line num="199" count="0" type="stmt"/>
      <line num="200" count="0" type="stmt"/>
      <line num="203" count="0" type="stmt"/>
      <line num="218" count="0" type="stmt"/>
      <line num="219" count="0" type="stmt"/>
      <line num="222" count="0" type="stmt"/>
      <line num="223" count="0" type="stmt"/>
      <line num="240" count="9" type="stmt"/>
      <line num="241" count="9" type="stmt"/>
      <line num="246" count="9" type="cond" truecount="2" falsecount="0"/>
      <line num="247" count="8" type="cond" truecount="2" falsecount="0"/>
      <line num="248" count="7" type="cond" truecount="2" falsecount="0"/>
      <line num="251" count="6" type="stmt"/>
      <line num="259" count="6" type="cond" truecount="2" falsecount="0"/>
      <line num="261" count="5" type="stmt"/>
      <line num="262" count="5" type="stmt"/>
      <line num="265" count="5" type="stmt"/>
      <line num="268" count="5" type="stmt"/>
      <line num="274" count="5" type="stmt"/>
      <line num="298" count="1" type="stmt"/>
      <line num="300" count="5" type="stmt"/>
      <line num="301" count="5" type="stmt"/>
      <line num="303" count="0" type="stmt"/>
      <line num="304" count="0" type="stmt"/>
      <line num="308" count="2" type="stmt"/>
    </file>
    <file name="talentRediscoveryService.js" path="C:\Users\THIAGO HENRIQUE\Documents\Projeto - Tcc\src\services\talentRediscoveryService.js">
      <metrics statements="124" coveredstatements="102" conditionals="78" coveredconditionals="51" methods="27" coveredmethods="18"/>
      <line num="18" count="4" type="stmt"/>
      <line num="19" count="4" type="stmt"/>
      <line num="20" count="4" type="stmt"/>
      <line num="21" count="4" type="stmt"/>
      <line num="22" count="4" type="stmt"/>
      <line num="23" count="4" type="stmt"/>
      <line num="24" count="4" type="stmt"/>
      <line num="28" count="4" type="stmt"/>
      <line num="29" count="4" type="stmt"/>
      <line num="30" count="4" type="stmt"/>
      <line num="31" count="4" type="stmt"/>
      <line num="45" count="25" type="cond" truecount="2" falsecount="0"/>
      <line num="47" count="23" type="stmt"/>
      <line num="51" count="23" type="stmt"/>
      <line num="52" count="95" type="stmt"/>
      <line num="53" count="13" type="cond" truecount="1" falsecount="1"/>
      <line num="54" count="108" type="stmt"/>
      <line num="56" count="23" type="cond" truecount="2" falsecount="0"/>
      <line num="59" count="21" type="stmt"/>
      <line num="64" count="232" type="stmt"/>
      <line num="65" count="232" type="stmt"/>
      <line num="68" count="104" type="stmt"/>
      <line num="69" count="21" type="stmt"/>
      <line num="77" count="18" type="cond" truecount="6" falsecount="0"/>
      <line num="78" count="3" type="stmt"/>
      <line num="80" count="15" type="stmt"/>
      <line num="97" count="8" type="stmt"/>
      <line num="98" count="8" type="stmt"/>
      <line num="101" count="8" type="stmt"/>
      <line num="108" count="15" type="stmt"/>
      <line num="111" count="8" type="stmt"/>
      <line num="112" count="8" type="stmt"/>
      <line num="121" count="8" type="stmt"/>
      <line num="123" count="8" type="cond" truecount="1" falsecount="1"/>
      <line num="126" count="8" type="stmt"/>
      <line num="135" count="8" type="cond" truecount="2" falsecount="0"/>
      <line num="138" count="7" type="stmt"/>
      <line num="139" count="7" type="stmt"/>
      <line num="140" count="8" type="cond" truecount="1" falsecount="1"/>
      <line num="141" count="8" type="stmt"/>
      <line num="146" count="7" type="stmt"/>
      <line num="147" count="7" type="stmt"/>
      <line num="148" count="8" type="cond" truecount="1" falsecount="1"/>
      <line num="150" count="8" type="stmt"/>
      <line num="156" count="8" type="cond" truecount="4" falsecount="0"/>
      <line num="158" count="7" type="cond" truecount="1" falsecount="1"/>
      <line num="159" count="7" type="stmt"/>
      <line num="160" count="7" type="cond" truecount="2" falsecount="0"/>
      <line num="162" count="5" type="stmt"/>
      <line num="171" count="7" type="stmt"/>
      <line num="172" count="7" type="stmt"/>
      <line num="174" count="7" type="stmt"/>
      <line num="176" count="0" type="stmt"/>
      <line num="177" count="0" type="stmt"/>
      <line num="194" count="8" type="stmt"/>
      <line num="195" count="8" type="stmt"/>
      <line num="198" count="8" type="stmt"/>
      <line num="206" count="8" type="stmt"/>
      <line num="207" count="8" type="cond" truecount="2" falsecount="0"/>
      <line num="210" count="7" type="stmt"/>
      <line num="218" count="7" type="cond" truecount="2" falsecount="0"/>
      <line num="221" count="6" type="stmt"/>
      <line num="222" count="6" type="stmt"/>
      <line num="223" count="6" type="cond" truecount="1" falsecount="1"/>
      <line num="224" count="6" type="stmt"/>
      <line num="229" count="6" type="stmt"/>
      <line num="230" count="6" type="stmt"/>
      <line num="231" count="6" type="cond" truecount="1" falsecount="1"/>
      <line num="233" count="6" type="stmt"/>
      <line num="238" count="6" type="cond" truecount="4" falsecount="0"/>
      <line num="240" count="5" type="cond" truecount="1" falsecount="1"/>
      <line num="241" count="5" type="stmt"/>
      <line num="242" count="5" type="cond" truecount="2" falsecount="0"/>
      <line num="244" count="3" type="stmt"/>
      <line num="245" count="3" type="stmt"/>
      <line num="252" count="3" type="stmt"/>
      <line num="255" count="6" type="cond" truecount="2" falsecount="0"/>
      <line num="256" count="3" type="stmt"/>
      <line num="259" count="0" type="stmt"/>
      <line num="276" count="5" type="stmt"/>
      <line num="277" count="5" type="stmt"/>
      <line num="282" count="5" type="cond" truecount="2" falsecount="0"/>
      <line num="283" count="4" type="cond" truecount="2" falsecount="0"/>
      <line num="284" count="3" type="cond" truecount="2" falsecount="0"/>
      <line num="286" count="2" type="stmt"/>
      <line num="287" count="2" type="stmt"/>
      <line num="290" count="2" type="stmt"/>
      <line num="293" count="2" type="stmt"/>
      <line num="299" count="2" type="stmt"/>
      <line num="324" count="2" type="stmt"/>
      <line num="325" count="2" type="stmt"/>
      <line num="327" count="0" type="stmt"/>
      <line num="328" count="0" type="stmt"/>
      <line num="335" count="16" type="stmt"/>
      <line num="336" count="16" type="stmt"/>
      <line num="337" count="16" type="stmt"/>
      <line num="341" count="3" type="stmt"/>
      <line num="342" count="3" type="stmt"/>
      <line num="343" count="3" type="stmt"/>
      <line num="344" count="3" type="stmt"/>
      <line num="348" count="3" type="stmt"/>
      <line num="349" count="3" type="stmt"/>
      <line num="352" count="3" type="stmt"/>
      <line num="355" count="3" type="stmt"/>
      <line num="361" count="3" type="stmt"/>
      <line num="386" count="1" type="stmt"/>
      <line num="403" count="0" type="cond" truecount="0" falsecount="5"/>
      <line num="405" count="0" type="stmt"/>
      <line num="406" count="0" type="stmt"/>
      <line num="407" count="0" type="stmt"/>
      <line num="409" count="0" type="stmt"/>
      <line num="410" count="0" type="cond" truecount="0" falsecount="4"/>
      <line num="416" count="0" type="stmt"/>
      <line num="417" count="0" type="stmt"/>
      <line num="418" count="0" type="stmt"/>
      <line num="419" count="0" type="stmt"/>
      <line num="421" count="0" type="stmt"/>
      <line num="422" count="0" type="stmt"/>
      <line num="423" count="0" type="cond" truecount="0" falsecount="2"/>
      <line num="425" count="0" type="stmt"/>
      <line num="436" count="0" type="stmt"/>
      <line num="437" count="0" type="stmt"/>
      <line num="438" count="0" type="stmt"/>
      <line num="442" count="4" type="stmt"/>
    </file>
  </project>
</coverage>
