{"C:\\Users\\THIAGO HENRIQUE\\Documents\\Projeto - Tcc\\src\\services\\applicationService.js": {"path":"C:\\Users\\THIAGO HENRIQUE\\Documents\\Projeto - Tcc\\src\\services\\applicationService.js","statementMap":{"0":{"start":{"line":2,"column":52},"end":{"line":2,"column":72}},"1":{"start":{"line":3,"column":28},"end":{"line":3,"column":56}},"2":{"start":{"line":4,"column":28},"end":{"line":4,"column":59}},"3":{"start":{"line":5,"column":28},"end":{"line":5,"column":60}},"4":{"start":{"line":6,"column":28},"end":{"line":6,"column":58}},"5":{"start":{"line":7,"column":20},"end":{"line":7,"column":53}},"6":{"start":{"line":8,"column":28},"end":{"line":8,"column":56}},"7":{"start":{"line":9,"column":31},"end":{"line":9,"column":59}},"8":{"start":{"line":16,"column":4},"end":{"line":16,"column":74}},"9":{"start":{"line":19,"column":4},"end":{"line":19,"column":45}},"10":{"start":{"line":22,"column":21},"end":{"line":22,"column":52}},"11":{"start":{"line":23,"column":4},"end":{"line":30,"column":5}},"12":{"start":{"line":24,"column":8},"end":{"line":29,"column":11}},"13":{"start":{"line":33,"column":47},"end":{"line":33,"column":66}},"14":{"start":{"line":34,"column":22},"end":{"line":34,"column":63}},"15":{"start":{"line":35,"column":22},"end":{"line":35,"column":63}},"16":{"start":{"line":36,"column":22},"end":{"line":36,"column":63}},"17":{"start":{"line":37,"column":22},"end":{"line":37,"column":63}},"18":{"start":{"line":38,"column":22},"end":{"line":38,"column":63}},"19":{"start":{"line":40,"column":23},"end":{"line":40,"column":131}},"20":{"start":{"line":42,"column":20},"end":{"line":42,"column":24}},"21":{"start":{"line":43,"column":4},"end":{"line":43,"column":67}},"22":{"start":{"line":43,"column":10},"end":{"line":43,"column":52}},"23":{"start":{"line":45,"column":4},"end":{"line":55,"column":7}},"24":{"start":{"line":46,"column":8},"end":{"line":54,"column":58}},"25":{"start":{"line":54,"column":20},"end":{"line":54,"column":56}},"26":{"start":{"line":70,"column":27},"end":{"line":70,"column":45}},"27":{"start":{"line":71,"column":4},"end":{"line":71,"column":41}},"28":{"start":{"line":73,"column":29},"end":{"line":73,"column":50}},"29":{"start":{"line":74,"column":29},"end":{"line":74,"column":51}},"30":{"start":{"line":75,"column":29},"end":{"line":75,"column":52}},"31":{"start":{"line":76,"column":29},"end":{"line":76,"column":72}},"32":{"start":{"line":78,"column":4},"end":{"line":96,"column":5}},"33":{"start":{"line":80,"column":8},"end":{"line":88,"column":9}},"34":{"start":{"line":81,"column":12},"end":{"line":81,"column":128}},"35":{"start":{"line":82,"column":15},"end":{"line":88,"column":9}},"36":{"start":{"line":83,"column":12},"end":{"line":83,"column":104}},"37":{"start":{"line":84,"column":15},"end":{"line":88,"column":9}},"38":{"start":{"line":85,"column":12},"end":{"line":85,"column":186}},"39":{"start":{"line":87,"column":12},"end":{"line":87,"column":143}},"40":{"start":{"line":90,"column":8},"end":{"line":95,"column":11}},"41":{"start":{"line":98,"column":4},"end":{"line":101,"column":7}},"42":{"start":{"line":103,"column":4},"end":{"line":114,"column":5}},"43":{"start":{"line":104,"column":8},"end":{"line":109,"column":11}},"44":{"start":{"line":106,"column":100},"end":{"line":106,"column":124}},"45":{"start":{"line":110,"column":8},"end":{"line":113,"column":11}},"46":{"start":{"line":116,"column":4},"end":{"line":118,"column":5}},"47":{"start":{"line":117,"column":8},"end":{"line":117,"column":73}},"48":{"start":{"line":119,"column":4},"end":{"line":121,"column":5}},"49":{"start":{"line":120,"column":8},"end":{"line":120,"column":52}},"50":{"start":{"line":129,"column":20},"end":{"line":129,"column":64}},"51":{"start":{"line":130,"column":4},"end":{"line":130,"column":74}},"52":{"start":{"line":131,"column":4},"end":{"line":134,"column":6}},"53":{"start":{"line":136,"column":16},"end":{"line":136,"column":76}},"54":{"start":{"line":137,"column":4},"end":{"line":150,"column":5}},"55":{"start":{"line":138,"column":8},"end":{"line":143,"column":11}},"56":{"start":{"line":144,"column":8},"end":{"line":149,"column":9}},"57":{"start":{"line":145,"column":12},"end":{"line":148,"column":15}},"58":{"start":{"line":167,"column":4},"end":{"line":169,"column":5}},"59":{"start":{"line":168,"column":8},"end":{"line":168,"column":91}},"60":{"start":{"line":172,"column":4},"end":{"line":172,"column":78}},"61":{"start":{"line":175,"column":21},"end":{"line":175,"column":52}},"62":{"start":{"line":176,"column":4},"end":{"line":189,"column":5}},"63":{"start":{"line":177,"column":8},"end":{"line":182,"column":11}},"64":{"start":{"line":185,"column":8},"end":{"line":188,"column":11}},"65":{"start":{"line":192,"column":4},"end":{"line":194,"column":7}},"66":{"start":{"line":193,"column":8},"end":{"line":193,"column":104}},"67":{"start":{"line":198,"column":4},"end":{"line":198,"column":31}},"68":{"start":{"line":198,"column":24},"end":{"line":198,"column":31}},"69":{"start":{"line":199,"column":17},"end":{"line":199,"column":64}},"70":{"start":{"line":200,"column":4},"end":{"line":224,"column":7}},"71":{"start":{"line":228,"column":4},"end":{"line":242,"column":5}},"72":{"start":{"line":229,"column":23},"end":{"line":229,"column":43}},"73":{"start":{"line":231,"column":24},"end":{"line":233,"column":10}},"74":{"start":{"line":234,"column":8},"end":{"line":238,"column":9}},"75":{"start":{"line":235,"column":12},"end":{"line":235,"column":53}},"76":{"start":{"line":236,"column":12},"end":{"line":236,"column":52}},"77":{"start":{"line":237,"column":12},"end":{"line":237,"column":55}},"78":{"start":{"line":237,"column":35},"end":{"line":237,"column":53}},"79":{"start":{"line":239,"column":8},"end":{"line":239,"column":120}},"80":{"start":{"line":241,"column":8},"end":{"line":241,"column":88}},"81":{"start":{"line":246,"column":4},"end":{"line":268,"column":5}},"82":{"start":{"line":247,"column":27},"end":{"line":247,"column":60}},"83":{"start":{"line":248,"column":27},"end":{"line":248,"column":50}},"84":{"start":{"line":249,"column":28},"end":{"line":251,"column":89}},"85":{"start":{"line":250,"column":28},"end":{"line":250,"column":51}},"86":{"start":{"line":251,"column":34},"end":{"line":251,"column":88}},"87":{"start":{"line":253,"column":8},"end":{"line":253,"column":45}},"88":{"start":{"line":253,"column":38},"end":{"line":253,"column":45}},"89":{"start":{"line":255,"column":23},"end":{"line":255,"column":130}},"90":{"start":{"line":255,"column":53},"end":{"line":255,"column":116}},"91":{"start":{"line":256,"column":23},"end":{"line":259,"column":38}},"92":{"start":{"line":261,"column":22},"end":{"line":261,"column":46}},"93":{"start":{"line":262,"column":8},"end":{"line":262,"column":27}},"94":{"start":{"line":262,"column":20},"end":{"line":262,"column":27}},"95":{"start":{"line":263,"column":23},"end":{"line":263,"column":43}},"96":{"start":{"line":264,"column":23},"end":{"line":264,"column":118}},"97":{"start":{"line":265,"column":8},"end":{"line":265,"column":100}},"98":{"start":{"line":265,"column":17},"end":{"line":265,"column":100}},"99":{"start":{"line":267,"column":8},"end":{"line":267,"column":100}},"100":{"start":{"line":272,"column":4},"end":{"line":301,"column":5}},"101":{"start":{"line":273,"column":26},"end":{"line":273,"column":58}},"102":{"start":{"line":274,"column":8},"end":{"line":274,"column":31}},"103":{"start":{"line":274,"column":24},"end":{"line":274,"column":31}},"104":{"start":{"line":275,"column":23},"end":{"line":275,"column":79}},"105":{"start":{"line":276,"column":46},"end":{"line":276,"column":65}},"106":{"start":{"line":278,"column":23},"end":{"line":280,"column":508}},"107":{"start":{"line":280,"column":290},"end":{"line":280,"column":296}},"108":{"start":{"line":282,"column":25},"end":{"line":285,"column":9}},"109":{"start":{"line":286,"column":8},"end":{"line":286,"column":30}},"110":{"start":{"line":286,"column":23},"end":{"line":286,"column":30}},"111":{"start":{"line":288,"column":24},"end":{"line":290,"column":64}},"112":{"start":{"line":292,"column":8},"end":{"line":297,"column":11}},"113":{"start":{"line":298,"column":8},"end":{"line":298,"column":120}},"114":{"start":{"line":300,"column":8},"end":{"line":300,"column":88}},"115":{"start":{"line":305,"column":4},"end":{"line":327,"column":27}},"116":{"start":{"line":316,"column":12},"end":{"line":320,"column":22}},"117":{"start":{"line":322,"column":12},"end":{"line":325,"column":22}},"118":{"start":{"line":326,"column":73},"end":{"line":326,"column":120}},"119":{"start":{"line":331,"column":4},"end":{"line":340,"column":25}},"120":{"start":{"line":344,"column":4},"end":{"line":369,"column":5}},"121":{"start":{"line":345,"column":26},"end":{"line":345,"column":58}},"122":{"start":{"line":346,"column":8},"end":{"line":346,"column":31}},"123":{"start":{"line":346,"column":24},"end":{"line":346,"column":31}},"124":{"start":{"line":347,"column":21},"end":{"line":347,"column":68}},"125":{"start":{"line":348,"column":8},"end":{"line":365,"column":11}},"126":{"start":{"line":366,"column":8},"end":{"line":366,"column":89}},"127":{"start":{"line":368,"column":8},"end":{"line":368,"column":100}},"128":{"start":{"line":372,"column":0},"end":{"line":372,"column":125}}},"fnMap":{"0":{"name":"applyToJob","decl":{"start":{"line":14,"column":15},"end":{"line":14,"column":25}},"loc":{"start":{"line":14,"column":71},"end":{"line":56,"column":1}},"line":14},"1":{"name":"(anonymous_1)","decl":{"start":{"line":45,"column":23},"end":{"line":45,"column":24}},"loc":{"start":{"line":45,"column":36},"end":{"line":55,"column":5}},"line":45},"2":{"name":"(anonymous_2)","decl":{"start":{"line":54,"column":11},"end":{"line":54,"column":12}},"loc":{"start":{"line":54,"column":20},"end":{"line":54,"column":56}},"line":54},"3":{"name":"updateApplicationStatus","decl":{"start":{"line":69,"column":15},"end":{"line":69,"column":38}},"loc":{"start":{"line":69,"column":81},"end":{"line":122,"column":1}},"line":69},"4":{"name":"(anonymous_4)","decl":{"start":{"line":106,"column":95},"end":{"line":106,"column":96}},"loc":{"start":{"line":106,"column":100},"end":{"line":106,"column":124}},"line":106},"5":{"name":"updateApplicationStage","decl":{"start":{"line":128,"column":15},"end":{"line":128,"column":37}},"loc":{"start":{"line":128,"column":78},"end":{"line":151,"column":1}},"line":128},"6":{"name":"cancelApplication","decl":{"start":{"line":166,"column":15},"end":{"line":166,"column":32}},"loc":{"start":{"line":166,"column":73},"end":{"line":195,"column":1}},"line":166},"7":{"name":"(anonymous_7)","decl":{"start":{"line":192,"column":74},"end":{"line":192,"column":75}},"loc":{"start":{"line":192,"column":81},"end":{"line":194,"column":5}},"line":192},"8":{"name":"_sendCancellationEmail","decl":{"start":{"line":197,"column":15},"end":{"line":197,"column":37}},"loc":{"start":{"line":197,"column":68},"end":{"line":225,"column":1}},"line":197},"9":{"name":"sendBulkClosingFeedback","decl":{"start":{"line":227,"column":15},"end":{"line":227,"column":38}},"loc":{"start":{"line":227,"column":44},"end":{"line":243,"column":1}},"line":227},"10":{"name":"(anonymous_10)","decl":{"start":{"line":237,"column":30},"end":{"line":237,"column":31}},"loc":{"start":{"line":237,"column":35},"end":{"line":237,"column":53}},"line":237},"11":{"name":"_scoreOpenAnswers","decl":{"start":{"line":245,"column":15},"end":{"line":245,"column":32}},"loc":{"start":{"line":245,"column":59},"end":{"line":269,"column":1}},"line":245},"12":{"name":"(anonymous_12)","decl":{"start":{"line":250,"column":17},"end":{"line":250,"column":18}},"loc":{"start":{"line":250,"column":28},"end":{"line":250,"column":51}},"line":250},"13":{"name":"(anonymous_13)","decl":{"start":{"line":251,"column":20},"end":{"line":251,"column":21}},"loc":{"start":{"line":251,"column":34},"end":{"line":251,"column":88}},"line":251},"14":{"name":"(anonymous_14)","decl":{"start":{"line":255,"column":39},"end":{"line":255,"column":40}},"loc":{"start":{"line":255,"column":53},"end":{"line":255,"column":116}},"line":255},"15":{"name":"_sendRejectionFeedback","decl":{"start":{"line":271,"column":15},"end":{"line":271,"column":37}},"loc":{"start":{"line":271,"column":81},"end":{"line":302,"column":1}},"line":271},"16":{"name":"(anonymous_16)","decl":{"start":{"line":280,"column":285},"end":{"line":280,"column":286}},"loc":{"start":{"line":280,"column":290},"end":{"line":280,"column":296}},"line":280},"17":{"name":"_buildResumeHtml","decl":{"start":{"line":304,"column":9},"end":{"line":304,"column":25}},"loc":{"start":{"line":304,"column":121},"end":{"line":328,"column":1}},"line":304},"18":{"name":"(anonymous_18)","decl":{"start":{"line":315,"column":74},"end":{"line":315,"column":75}},"loc":{"start":{"line":316,"column":12},"end":{"line":320,"column":22}},"line":316},"19":{"name":"(anonymous_19)","decl":{"start":{"line":321,"column":66},"end":{"line":321,"column":67}},"loc":{"start":{"line":322,"column":12},"end":{"line":325,"column":22}},"line":322},"20":{"name":"(anonymous_20)","decl":{"start":{"line":326,"column":68},"end":{"line":326,"column":69}},"loc":{"start":{"line":326,"column":73},"end":{"line":326,"column":120}},"line":326},"21":{"name":"_buildApplicationEmail","decl":{"start":{"line":330,"column":9},"end":{"line":330,"column":31}},"loc":{"start":{"line":330,"column":63},"end":{"line":341,"column":1}},"line":330},"22":{"name":"_sendCongratsEmail","decl":{"start":{"line":343,"column":15},"end":{"line":343,"column":33}},"loc":{"start":{"line":343,"column":52},"end":{"line":370,"column":1}},"line":343}},"branchMap":{"0":{"loc":{"start":{"line":23,"column":4},"end":{"line":30,"column":5}},"type":"if","locations":[{"start":{"line":23,"column":4},"end":{"line":30,"column":5}},{"start":{},"end":{}}],"line":23},"1":{"loc":{"start":{"line":34,"column":22},"end":{"line":34,"column":63}},"type":"binary-expr","locations":[{"start":{"line":34,"column":22},"end":{"line":34,"column":35}},{"start":{"line":34,"column":43},"end":{"line":34,"column":53}},{"start":{"line":34,"column":61},"end":{"line":34,"column":63}}],"line":34},"2":{"loc":{"start":{"line":35,"column":22},"end":{"line":35,"column":63}},"type":"binary-expr","locations":[{"start":{"line":35,"column":22},"end":{"line":35,"column":34}},{"start":{"line":35,"column":43},"end":{"line":35,"column":52}},{"start":{"line":35,"column":61},"end":{"line":35,"column":63}}],"line":35},"3":{"loc":{"start":{"line":36,"column":22},"end":{"line":36,"column":63}},"type":"binary-expr","locations":[{"start":{"line":36,"column":22},"end":{"line":36,"column":38}},{"start":{"line":36,"column":43},"end":{"line":36,"column":56}},{"start":{"line":36,"column":61},"end":{"line":36,"column":63}}],"line":36},"4":{"loc":{"start":{"line":37,"column":22},"end":{"line":37,"column":63}},"type":"binary-expr","locations":[{"start":{"line":37,"column":22},"end":{"line":37,"column":36}},{"start":{"line":37,"column":43},"end":{"line":37,"column":54}},{"start":{"line":37,"column":61},"end":{"line":37,"column":63}}],"line":37},"5":{"loc":{"start":{"line":38,"column":22},"end":{"line":38,"column":63}},"type":"binary-expr","locations":[{"start":{"line":38,"column":22},"end":{"line":38,"column":39}},{"start":{"line":38,"column":43},"end":{"line":38,"column":57}},{"start":{"line":38,"column":61},"end":{"line":38,"column":63}}],"line":38},"6":{"loc":{"start":{"line":51,"column":25},"end":{"line":53,"column":20}},"type":"cond-expr","locations":[{"start":{"line":52,"column":18},"end":{"line":52,"column":154}},{"start":{"line":53,"column":18},"end":{"line":53,"column":20}}],"line":51},"7":{"loc":{"start":{"line":54,"column":42},"end":{"line":54,"column":53}},"type":"binary-expr","locations":[{"start":{"line":54,"column":42},"end":{"line":54,"column":45}},{"start":{"line":54,"column":49},"end":{"line":54,"column":53}}],"line":54},"8":{"loc":{"start":{"line":76,"column":29},"end":{"line":76,"column":72}},"type":"binary-expr","locations":[{"start":{"line":76,"column":29},"end":{"line":76,"column":39}},{"start":{"line":76,"column":43},"end":{"line":76,"column":72}}],"line":76},"9":{"loc":{"start":{"line":78,"column":4},"end":{"line":96,"column":5}},"type":"if","locations":[{"start":{"line":78,"column":4},"end":{"line":96,"column":5}},{"start":{},"end":{}}],"line":78},"10":{"loc":{"start":{"line":78,"column":8},"end":{"line":78,"column":47}},"type":"binary-expr","locations":[{"start":{"line":78,"column":8},"end":{"line":78,"column":18}},{"start":{"line":78,"column":22},"end":{"line":78,"column":32}},{"start":{"line":78,"column":36},"end":{"line":78,"column":47}}],"line":78},"11":{"loc":{"start":{"line":80,"column":8},"end":{"line":88,"column":9}},"type":"if","locations":[{"start":{"line":80,"column":8},"end":{"line":88,"column":9}},{"start":{"line":82,"column":15},"end":{"line":88,"column":9}}],"line":80},"12":{"loc":{"start":{"line":82,"column":15},"end":{"line":88,"column":9}},"type":"if","locations":[{"start":{"line":82,"column":15},"end":{"line":88,"column":9}},{"start":{"line":84,"column":15},"end":{"line":88,"column":9}}],"line":82},"13":{"loc":{"start":{"line":84,"column":15},"end":{"line":88,"column":9}},"type":"if","locations":[{"start":{"line":84,"column":15},"end":{"line":88,"column":9}},{"start":{"line":86,"column":15},"end":{"line":88,"column":9}}],"line":84},"14":{"loc":{"start":{"line":93,"column":21},"end":{"line":93,"column":71}},"type":"cond-expr","locations":[{"start":{"line":93,"column":51},"end":{"line":93,"column":60}},{"start":{"line":93,"column":63},"end":{"line":93,"column":71}}],"line":93},"15":{"loc":{"start":{"line":93,"column":22},"end":{"line":93,"column":47}},"type":"binary-expr","locations":[{"start":{"line":93,"column":22},"end":{"line":93,"column":32}},{"start":{"line":93,"column":36},"end":{"line":93,"column":47}}],"line":93},"16":{"loc":{"start":{"line":103,"column":4},"end":{"line":114,"column":5}},"type":"if","locations":[{"start":{"line":103,"column":4},"end":{"line":114,"column":5}},{"start":{},"end":{}}],"line":103},"17":{"loc":{"start":{"line":106,"column":100},"end":{"line":106,"column":124}},"type":"cond-expr","locations":[{"start":{"line":106,"column":104},"end":{"line":106,"column":110}},{"start":{"line":106,"column":113},"end":{"line":106,"column":124}}],"line":106},"18":{"loc":{"start":{"line":116,"column":4},"end":{"line":118,"column":5}},"type":"if","locations":[{"start":{"line":116,"column":4},"end":{"line":118,"column":5}},{"start":{},"end":{}}],"line":116},"19":{"loc":{"start":{"line":119,"column":4},"end":{"line":121,"column":5}},"type":"if","locations":[{"start":{"line":119,"column":4},"end":{"line":121,"column":5}},{"start":{},"end":{}}],"line":119},"20":{"loc":{"start":{"line":129,"column":31},"end":{"line":129,"column":63}},"type":"binary-expr","locations":[{"start":{"line":129,"column":31},"end":{"line":129,"column":55}},{"start":{"line":129,"column":59},"end":{"line":129,"column":63}}],"line":129},"21":{"loc":{"start":{"line":137,"column":4},"end":{"line":150,"column":5}},"type":"if","locations":[{"start":{"line":137,"column":4},"end":{"line":150,"column":5}},{"start":{},"end":{}}],"line":137},"22":{"loc":{"start":{"line":144,"column":8},"end":{"line":149,"column":9}},"type":"if","locations":[{"start":{"line":144,"column":8},"end":{"line":149,"column":9}},{"start":{},"end":{}}],"line":144},"23":{"loc":{"start":{"line":167,"column":4},"end":{"line":169,"column":5}},"type":"if","locations":[{"start":{"line":167,"column":4},"end":{"line":169,"column":5}},{"start":{},"end":{}}],"line":167},"24":{"loc":{"start":{"line":176,"column":4},"end":{"line":189,"column":5}},"type":"if","locations":[{"start":{"line":176,"column":4},"end":{"line":189,"column":5}},{"start":{},"end":{}}],"line":176},"25":{"loc":{"start":{"line":198,"column":4},"end":{"line":198,"column":31}},"type":"if","locations":[{"start":{"line":198,"column":4},"end":{"line":198,"column":31}},{"start":{},"end":{}}],"line":198},"26":{"loc":{"start":{"line":199,"column":17},"end":{"line":199,"column":64}},"type":"binary-expr","locations":[{"start":{"line":199,"column":17},"end":{"line":199,"column":37}},{"start":{"line":199,"column":41},"end":{"line":199,"column":64}}],"line":199},"27":{"loc":{"start":{"line":247,"column":38},"end":{"line":247,"column":59}},"type":"binary-expr","locations":[{"start":{"line":247,"column":38},"end":{"line":247,"column":51}},{"start":{"line":247,"column":55},"end":{"line":247,"column":59}}],"line":247},"28":{"loc":{"start":{"line":251,"column":34},"end":{"line":251,"column":88}},"type":"binary-expr","locations":[{"start":{"line":251,"column":35},"end":{"line":251,"column":54}},{"start":{"line":251,"column":58},"end":{"line":251,"column":82}},{"start":{"line":251,"column":87},"end":{"line":251,"column":88}}],"line":251},"29":{"loc":{"start":{"line":253,"column":8},"end":{"line":253,"column":45}},"type":"if","locations":[{"start":{"line":253,"column":8},"end":{"line":253,"column":45}},{"start":{},"end":{}}],"line":253},"30":{"loc":{"start":{"line":262,"column":8},"end":{"line":262,"column":27}},"type":"if","locations":[{"start":{"line":262,"column":8},"end":{"line":262,"column":27}},{"start":{},"end":{}}],"line":262},"31":{"loc":{"start":{"line":265,"column":8},"end":{"line":265,"column":100}},"type":"if","locations":[{"start":{"line":265,"column":8},"end":{"line":265,"column":100}},{"start":{},"end":{}}],"line":265},"32":{"loc":{"start":{"line":271,"column":56},"end":{"line":271,"column":79}},"type":"default-arg","locations":[{"start":{"line":271,"column":74},"end":{"line":271,"column":79}}],"line":271},"33":{"loc":{"start":{"line":274,"column":8},"end":{"line":274,"column":31}},"type":"if","locations":[{"start":{"line":274,"column":8},"end":{"line":274,"column":31}},{"start":{},"end":{}}],"line":274},"34":{"loc":{"start":{"line":278,"column":23},"end":{"line":280,"column":508}},"type":"cond-expr","locations":[{"start":{"line":279,"column":14},"end":{"line":279,"column":466}},{"start":{"line":280,"column":14},"end":{"line":280,"column":508}}],"line":278},"35":{"loc":{"start":{"line":280,"column":138},"end":{"line":280,"column":174}},"type":"binary-expr","locations":[{"start":{"line":280,"column":138},"end":{"line":280,"column":154}},{"start":{"line":280,"column":158},"end":{"line":280,"column":174}}],"line":280},"36":{"loc":{"start":{"line":280,"column":213},"end":{"line":280,"column":250}},"type":"binary-expr","locations":[{"start":{"line":280,"column":213},"end":{"line":280,"column":230}},{"start":{"line":280,"column":234},"end":{"line":280,"column":250}}],"line":280},"37":{"loc":{"start":{"line":280,"column":276},"end":{"line":280,"column":328}},"type":"binary-expr","locations":[{"start":{"line":280,"column":276},"end":{"line":280,"column":308}},{"start":{"line":280,"column":312},"end":{"line":280,"column":328}}],"line":280},"38":{"loc":{"start":{"line":286,"column":8},"end":{"line":286,"column":30}},"type":"if","locations":[{"start":{"line":286,"column":8},"end":{"line":286,"column":30}},{"start":{},"end":{}}],"line":286},"39":{"loc":{"start":{"line":288,"column":24},"end":{"line":290,"column":64}},"type":"cond-expr","locations":[{"start":{"line":289,"column":14},"end":{"line":289,"column":62}},{"start":{"line":290,"column":14},"end":{"line":290,"column":64}}],"line":288},"40":{"loc":{"start":{"line":296,"column":518},"end":{"line":296,"column":565}},"type":"binary-expr","locations":[{"start":{"line":296,"column":518},"end":{"line":296,"column":538}},{"start":{"line":296,"column":542},"end":{"line":296,"column":565}}],"line":296},"41":{"loc":{"start":{"line":308,"column":11},"end":{"line":308,"column":56}},"type":"cond-expr","locations":[{"start":{"line":308,"column":23},"end":{"line":308,"column":48}},{"start":{"line":308,"column":54},"end":{"line":308,"column":56}}],"line":308},"42":{"loc":{"start":{"line":309,"column":11},"end":{"line":309,"column":56}},"type":"cond-expr","locations":[{"start":{"line":309,"column":23},"end":{"line":309,"column":47}},{"start":{"line":309,"column":54},"end":{"line":309,"column":56}}],"line":309},"43":{"loc":{"start":{"line":310,"column":11},"end":{"line":310,"column":57}},"type":"cond-expr","locations":[{"start":{"line":310,"column":23},"end":{"line":310,"column":52}},{"start":{"line":310,"column":55},"end":{"line":310,"column":57}}],"line":310},"44":{"loc":{"start":{"line":311,"column":11},"end":{"line":311,"column":81}},"type":"cond-expr","locations":[{"start":{"line":311,"column":23},"end":{"line":311,"column":76}},{"start":{"line":311,"column":79},"end":{"line":311,"column":81}}],"line":311},"45":{"loc":{"start":{"line":312,"column":11},"end":{"line":312,"column":81}},"type":"cond-expr","locations":[{"start":{"line":312,"column":23},"end":{"line":312,"column":74}},{"start":{"line":312,"column":79},"end":{"line":312,"column":81}}],"line":312},"46":{"loc":{"start":{"line":314,"column":11},"end":{"line":314,"column":105}},"type":"cond-expr","locations":[{"start":{"line":314,"column":29},"end":{"line":314,"column":100}},{"start":{"line":314,"column":103},"end":{"line":314,"column":105}}],"line":314},"47":{"loc":{"start":{"line":315,"column":11},"end":{"line":320,"column":37}},"type":"cond-expr","locations":[{"start":{"line":315,"column":32},"end":{"line":320,"column":32}},{"start":{"line":320,"column":35},"end":{"line":320,"column":37}}],"line":315},"48":{"loc":{"start":{"line":318,"column":15},"end":{"line":318,"column":98}},"type":"cond-expr","locations":[{"start":{"line":318,"column":31},"end":{"line":318,"column":88}},{"start":{"line":318,"column":96},"end":{"line":318,"column":98}}],"line":318},"49":{"loc":{"start":{"line":319,"column":15},"end":{"line":319,"column":98}},"type":"cond-expr","locations":[{"start":{"line":319,"column":31},"end":{"line":319,"column":93}},{"start":{"line":319,"column":96},"end":{"line":319,"column":98}}],"line":319},"50":{"loc":{"start":{"line":321,"column":11},"end":{"line":325,"column":37}},"type":"cond-expr","locations":[{"start":{"line":321,"column":30},"end":{"line":325,"column":32}},{"start":{"line":325,"column":35},"end":{"line":325,"column":37}}],"line":321},"51":{"loc":{"start":{"line":324,"column":15},"end":{"line":324,"column":88}},"type":"cond-expr","locations":[{"start":{"line":324,"column":26},"end":{"line":324,"column":83}},{"start":{"line":324,"column":86},"end":{"line":324,"column":88}}],"line":324},"52":{"loc":{"start":{"line":326,"column":11},"end":{"line":326,"column":146}},"type":"cond-expr","locations":[{"start":{"line":326,"column":27},"end":{"line":326,"column":141}},{"start":{"line":326,"column":144},"end":{"line":326,"column":146}}],"line":326},"53":{"loc":{"start":{"line":338,"column":11},"end":{"line":338,"column":277}},"type":"cond-expr","locations":[{"start":{"line":338,"column":25},"end":{"line":338,"column":272}},{"start":{"line":338,"column":275},"end":{"line":338,"column":277}}],"line":338},"54":{"loc":{"start":{"line":346,"column":8},"end":{"line":346,"column":31}},"type":"if","locations":[{"start":{"line":346,"column":8},"end":{"line":346,"column":31}},{"start":{},"end":{}}],"line":346},"55":{"loc":{"start":{"line":347,"column":21},"end":{"line":347,"column":68}},"type":"binary-expr","locations":[{"start":{"line":347,"column":21},"end":{"line":347,"column":41}},{"start":{"line":347,"column":45},"end":{"line":347,"column":68}}],"line":347}},"s":{"0":3,"1":3,"2":3,"3":3,"4":3,"5":3,"6":3,"7":3,"8":13,"9":13,"10":13,"11":13,"12":13,"13":13,"14":13,"15":13,"16":13,"17":13,"18":13,"19":13,"20":13,"21":13,"22":13,"23":13,"24":13,"25":13,"26":7,"27":7,"28":7,"29":7,"30":7,"31":7,"32":7,"33":6,"34":1,"35":5,"36":3,"37":2,"38":0,"39":2,"40":6,"41":7,"42":7,"43":1,"44":1,"45":1,"46":7,"47":2,"48":7,"49":1,"50":5,"51":5,"52":5,"53":5,"54":5,"55":5,"56":5,"57":5,"58":0,"59":0,"60":0,"61":0,"62":0,"63":0,"64":0,"65":0,"66":0,"67":0,"68":0,"69":0,"70":0,"71":11,"72":11,"73":11,"74":11,"75":5,"76":5,"77":5,"78":5,"79":11,"80":0,"81":13,"82":13,"83":13,"84":13,"85":0,"86":0,"87":13,"88":13,"89":0,"90":0,"91":0,"92":0,"93":0,"94":0,"95":0,"96":0,"97":0,"98":0,"99":0,"100":7,"101":7,"102":7,"103":0,"104":7,"105":7,"106":7,"107":5,"108":7,"109":7,"110":0,"111":7,"112":7,"113":7,"114":0,"115":13,"116":13,"117":13,"118":52,"119":13,"120":1,"121":1,"122":1,"123":0,"124":1,"125":1,"126":1,"127":0,"128":3},"f":{"0":13,"1":13,"2":13,"3":7,"4":1,"5":5,"6":0,"7":0,"8":0,"9":11,"10":5,"11":13,"12":0,"13":0,"14":0,"15":7,"16":5,"17":13,"18":13,"19":13,"20":52,"21":13,"22":1},"b":{"0":[13,0],"1":[13,13,13],"2":[13,13,13],"3":[13,13,13],"4":[13,13,13],"5":[13,13,13],"6":[12,1],"7":[13,10],"8":[7,2],"9":[6,1],"10":[7,4,2],"11":[1,5],"12":[3,2],"13":[0,2],"14":[4,2],"15":[6,3],"16":[1,6],"17":[1,0],"18":[2,5],"19":[1,6],"20":[5,0],"21":[5,0],"22":[5,0],"23":[0,0],"24":[0,0],"25":[0,0],"26":[0,0],"27":[13,0],"28":[0,0,0],"29":[13,0],"30":[0,0],"31":[0,0],"32":[5],"33":[0,7],"34":[0,7],"35":[7,0],"36":[7,2],"37":[7,2],"38":[0,7],"39":[0,7],"40":[7,0],"41":[0,13],"42":[0,13],"43":[0,13],"44":[0,13],"45":[0,13],"46":[13,0],"47":[13,0],"48":[13,0],"49":[13,0],"50":[13,0],"51":[13,0],"52":[13,0],"53":[0,13],"54":[0,1],"55":[1,0]},"inputSourceMap":null,"_coverageSchema":"1a1c01bbd47fc00a2c39e90264f33305004495a9","hash":"93568c68ac08fbc64e7ac45d668257fbfd7b501e"}
,"C:\\Users\\THIAGO HENRIQUE\\Documents\\Projeto - Tcc\\src\\services\\availabilityService.js": {"path":"C:\\Users\\THIAGO HENRIQUE\\Documents\\Projeto - Tcc\\src\\services\\availabilityService.js","statementMap":{"0":{"start":{"line":13,"column":16},"end":{"line":13,"column":36}},"1":{"start":{"line":14,"column":38},"end":{"line":14,"column":58}},"2":{"start":{"line":15,"column":16},"end":{"line":15,"column":44}},"3":{"start":{"line":19,"column":15},"end":{"line":24,"column":2}},"4":{"start":{"line":31,"column":27},"end":{"line":35,"column":1}},"5":{"start":{"line":37,"column":39},"end":{"line":37,"column":41}},"6":{"start":{"line":38,"column":39},"end":{"line":38,"column":41}},"7":{"start":{"line":43,"column":14},"end":{"line":43,"column":24}},"8":{"start":{"line":44,"column":4},"end":{"line":44,"column":31}},"9":{"start":{"line":45,"column":4},"end":{"line":45,"column":13}},"10":{"start":{"line":55,"column":4},"end":{"line":55,"column":64}},"11":{"start":{"line":64,"column":4},"end":{"line":66,"column":5}},"12":{"start":{"line":65,"column":8},"end":{"line":65,"column":57}},"13":{"start":{"line":68,"column":4},"end":{"line":75,"column":6}},"14":{"start":{"line":77,"column":4},"end":{"line":77,"column":83}},"15":{"start":{"line":93,"column":4},"end":{"line":124,"column":5}},"16":{"start":{"line":94,"column":21},"end":{"line":94,"column":48}},"17":{"start":{"line":95,"column":8},"end":{"line":95,"column":92}},"18":{"start":{"line":95,"column":52},"end":{"line":95,"column":92}},"19":{"start":{"line":98,"column":25},"end":{"line":101,"column":10}},"20":{"start":{"line":102,"column":8},"end":{"line":108,"column":9}},"21":{"start":{"line":103,"column":12},"end":{"line":106,"column":13}},"22":{"start":{"line":105,"column":16},"end":{"line":105,"column":68}},"23":{"start":{"line":107,"column":12},"end":{"line":107,"column":92}},"24":{"start":{"line":111,"column":31},"end":{"line":111,"column":63}},"25":{"start":{"line":112,"column":8},"end":{"line":118,"column":9}},"26":{"start":{"line":113,"column":12},"end":{"line":116,"column":13}},"27":{"start":{"line":114,"column":16},"end":{"line":114,"column":76}},"28":{"start":{"line":115,"column":16},"end":{"line":115,"column":78}},"29":{"start":{"line":117,"column":12},"end":{"line":117,"column":84}},"30":{"start":{"line":120,"column":8},"end":{"line":120,"column":68}},"31":{"start":{"line":122,"column":8},"end":{"line":122,"column":108}},"32":{"start":{"line":123,"column":8},"end":{"line":123,"column":48}},"33":{"start":{"line":133,"column":18},"end":{"line":140,"column":6}},"34":{"start":{"line":141,"column":4},"end":{"line":141,"column":32}},"35":{"start":{"line":141,"column":26},"end":{"line":141,"column":30}},"36":{"start":{"line":147,"column":18},"end":{"line":147,"column":47}},"37":{"start":{"line":150,"column":22},"end":{"line":152,"column":6}},"38":{"start":{"line":153,"column":4},"end":{"line":153,"column":31}},"39":{"start":{"line":153,"column":19},"end":{"line":153,"column":31}},"40":{"start":{"line":156,"column":20},"end":{"line":156,"column":47}},"41":{"start":{"line":157,"column":20},"end":{"line":159,"column":6}},"42":{"start":{"line":160,"column":4},"end":{"line":160,"column":28}},"43":{"start":{"line":160,"column":16},"end":{"line":160,"column":28}},"44":{"start":{"line":163,"column":17},"end":{"line":165,"column":6}},"45":{"start":{"line":166,"column":4},"end":{"line":166,"column":18}},"46":{"start":{"line":170,"column":4},"end":{"line":189,"column":5}},"47":{"start":{"line":171,"column":33},"end":{"line":171,"column":53}},"48":{"start":{"line":172,"column":33},"end":{"line":172,"column":61}},"49":{"start":{"line":174,"column":8},"end":{"line":179,"column":11}},"50":{"start":{"line":181,"column":8},"end":{"line":186,"column":9}},"51":{"start":{"line":182,"column":12},"end":{"line":185,"column":15}},"52":{"start":{"line":188,"column":8},"end":{"line":188,"column":116}},"53":{"start":{"line":194,"column":0},"end":{"line":201,"column":2}}},"fnMap":{"0":{"name":"daysAgo","decl":{"start":{"line":42,"column":9},"end":{"line":42,"column":16}},"loc":{"start":{"line":42,"column":20},"end":{"line":46,"column":1}},"line":42},"1":{"name":"isAvailable","decl":{"start":{"line":54,"column":9},"end":{"line":54,"column":20}},"loc":{"start":{"line":54,"column":27},"end":{"line":56,"column":1}},"line":54},"2":{"name":"setAvailability","decl":{"start":{"line":63,"column":15},"end":{"line":63,"column":30}},"loc":{"start":{"line":63,"column":50},"end":{"line":78,"column":1}},"line":63},"3":{"name":"checkAndUpdateAvailability","decl":{"start":{"line":92,"column":15},"end":{"line":92,"column":41}},"loc":{"start":{"line":92,"column":69},"end":{"line":125,"column":1}},"line":92},"4":{"name":"getAvailableCandidateIds","decl":{"start":{"line":132,"column":15},"end":{"line":132,"column":39}},"loc":{"start":{"line":132,"column":42},"end":{"line":142,"column":1}},"line":132},"5":{"name":"(anonymous_5)","decl":{"start":{"line":141,"column":21},"end":{"line":141,"column":22}},"loc":{"start":{"line":141,"column":26},"end":{"line":141,"column":30}},"line":141},"6":{"name":"_hasRecentActivity","decl":{"start":{"line":146,"column":15},"end":{"line":146,"column":33}},"loc":{"start":{"line":146,"column":42},"end":{"line":167,"column":1}},"line":146},"7":{"name":"_notifySuggestUnavailable","decl":{"start":{"line":169,"column":15},"end":{"line":169,"column":40}},"loc":{"start":{"line":169,"column":61},"end":{"line":190,"column":1}},"line":169}},"branchMap":{"0":{"loc":{"start":{"line":64,"column":4},"end":{"line":66,"column":5}},"type":"if","locations":[{"start":{"line":64,"column":4},"end":{"line":66,"column":5}},{"start":{},"end":{}}],"line":64},"1":{"loc":{"start":{"line":92,"column":50},"end":{"line":92,"column":67}},"type":"default-arg","locations":[{"start":{"line":92,"column":63},"end":{"line":92,"column":67}}],"line":92},"2":{"loc":{"start":{"line":95,"column":8},"end":{"line":95,"column":92}},"type":"if","locations":[{"start":{"line":95,"column":8},"end":{"line":95,"column":92}},{"start":{},"end":{}}],"line":95},"3":{"loc":{"start":{"line":95,"column":12},"end":{"line":95,"column":50}},"type":"binary-expr","locations":[{"start":{"line":95,"column":12},"end":{"line":95,"column":17}},{"start":{"line":95,"column":21},"end":{"line":95,"column":50}}],"line":95},"4":{"loc":{"start":{"line":102,"column":8},"end":{"line":108,"column":9}},"type":"if","locations":[{"start":{"line":102,"column":8},"end":{"line":108,"column":9}},{"start":{},"end":{}}],"line":102},"5":{"loc":{"start":{"line":103,"column":12},"end":{"line":106,"column":13}},"type":"if","locations":[{"start":{"line":103,"column":12},"end":{"line":106,"column":13}},{"start":{},"end":{}}],"line":103},"6":{"loc":{"start":{"line":112,"column":8},"end":{"line":118,"column":9}},"type":"if","locations":[{"start":{"line":112,"column":8},"end":{"line":118,"column":9}},{"start":{},"end":{}}],"line":112},"7":{"loc":{"start":{"line":113,"column":12},"end":{"line":116,"column":13}},"type":"if","locations":[{"start":{"line":113,"column":12},"end":{"line":116,"column":13}},{"start":{},"end":{}}],"line":113},"8":{"loc":{"start":{"line":153,"column":4},"end":{"line":153,"column":31}},"type":"if","locations":[{"start":{"line":153,"column":4},"end":{"line":153,"column":31}},{"start":{},"end":{}}],"line":153},"9":{"loc":{"start":{"line":160,"column":4},"end":{"line":160,"column":28}},"type":"if","locations":[{"start":{"line":160,"column":4},"end":{"line":160,"column":28}},{"start":{},"end":{}}],"line":160},"10":{"loc":{"start":{"line":181,"column":8},"end":{"line":186,"column":9}},"type":"if","locations":[{"start":{"line":181,"column":8},"end":{"line":186,"column":9}},{"start":{},"end":{}}],"line":181}},"s":{"0":5,"1":5,"2":5,"3":5,"4":5,"5":5,"6":5,"7":3,"8":3,"9":3,"10":27,"11":7,"12":1,"13":6,"14":6,"15":6,"16":6,"17":6,"18":2,"19":4,"20":4,"21":1,"22":1,"23":1,"24":3,"25":3,"26":2,"27":1,"28":1,"29":1,"30":1,"31":0,"32":0,"33":2,"34":2,"35":3,"36":3,"37":3,"38":3,"39":1,"40":2,"41":2,"42":2,"43":0,"44":2,"45":2,"46":1,"47":1,"48":1,"49":1,"50":1,"51":0,"52":0,"53":5},"f":{"0":3,"1":27,"2":7,"3":6,"4":2,"5":3,"6":3,"7":1},"b":{"0":[1,6],"1":[6],"2":[2,4],"3":[6,5],"4":[1,3],"5":[1,0],"6":[2,1],"7":[1,1],"8":[1,2],"9":[0,2],"10":[0,1]},"inputSourceMap":null,"_coverageSchema":"1a1c01bbd47fc00a2c39e90264f33305004495a9","hash":"58bdb96049ffaf6b8582a4bc3177b883be534148"}
,"C:\\Users\\THIAGO HENRIQUE\\Documents\\Projeto - Tcc\\src\\services\\onboardingService.js": {"path":"C:\\Users\\THIAGO HENRIQUE\\Documents\\Projeto - Tcc\\src\\services\\onboardingService.js","statementMap":{"0":{"start":{"line":1,"column":15},"end":{"line":1,"column":35}},"1":{"start":{"line":2,"column":54},"end":{"line":2,"column":74}},"2":{"start":{"line":8,"column":24},"end":{"line":15,"column":1}},"3":{"start":{"line":17,"column":22},"end":{"line":25,"column":1}},"4":{"start":{"line":32,"column":4},"end":{"line":90,"column":5}},"5":{"start":{"line":33,"column":8},"end":{"line":87,"column":9}},"6":{"start":{"line":34,"column":12},"end":{"line":47,"column":13}},"7":{"start":{"line":36,"column":20},"end":{"line":36,"column":72}},"8":{"start":{"line":38,"column":20},"end":{"line":38,"column":104}},"9":{"start":{"line":40,"column":20},"end":{"line":40,"column":89}},"10":{"start":{"line":42,"column":20},"end":{"line":42,"column":83}},"11":{"start":{"line":44,"column":20},"end":{"line":44,"column":86}},"12":{"start":{"line":46,"column":20},"end":{"line":46,"column":63}},"13":{"start":{"line":49,"column":12},"end":{"line":86,"column":13}},"14":{"start":{"line":51,"column":20},"end":{"line":51,"column":74}},"15":{"start":{"line":53,"column":20},"end":{"line":53,"column":81}},"16":{"start":{"line":55,"column":20},"end":{"line":55,"column":83}},"17":{"start":{"line":57,"column":33},"end":{"line":57,"column":102}},"18":{"start":{"line":58,"column":20},"end":{"line":58,"column":51}},"19":{"start":{"line":58,"column":38},"end":{"line":58,"column":51}},"20":{"start":{"line":59,"column":20},"end":{"line":59,"column":100}},"21":{"start":{"line":59,"column":84},"end":{"line":59,"column":88}},"22":{"start":{"line":63,"column":20},"end":{"line":63,"column":83}},"23":{"start":{"line":66,"column":32},"end":{"line":72,"column":22}},"24":{"start":{"line":73,"column":20},"end":{"line":73,"column":33}},"25":{"start":{"line":77,"column":33},"end":{"line":77,"column":102}},"26":{"start":{"line":78,"column":20},"end":{"line":78,"column":51}},"27":{"start":{"line":78,"column":38},"end":{"line":78,"column":51}},"28":{"start":{"line":79,"column":20},"end":{"line":84,"column":28}},"29":{"start":{"line":81,"column":61},"end":{"line":81,"column":65}},"30":{"start":{"line":89,"column":8},"end":{"line":89,"column":21}},"31":{"start":{"line":91,"column":4},"end":{"line":91,"column":17}},"32":{"start":{"line":107,"column":4},"end":{"line":107,"column":51}},"33":{"start":{"line":107,"column":26},"end":{"line":107,"column":51}},"34":{"start":{"line":109,"column":24},"end":{"line":109,"column":53}},"35":{"start":{"line":110,"column":24},"end":{"line":110,"column":69}},"36":{"start":{"line":112,"column":22},"end":{"line":112,"column":101}},"37":{"start":{"line":112,"column":61},"end":{"line":112,"column":99}},"38":{"start":{"line":114,"column":22},"end":{"line":114,"column":82}},"39":{"start":{"line":114,"column":49},"end":{"line":114,"column":80}},"40":{"start":{"line":115,"column":22},"end":{"line":115,"column":54}},"41":{"start":{"line":115,"column":40},"end":{"line":115,"column":46}},"42":{"start":{"line":116,"column":22},"end":{"line":116,"column":34}},"43":{"start":{"line":117,"column":22},"end":{"line":117,"column":41}},"44":{"start":{"line":119,"column":4},"end":{"line":127,"column":6}},"45":{"start":{"line":131,"column":4},"end":{"line":131,"column":84}},"46":{"start":{"line":134,"column":0},"end":{"line":134,"column":40}}},"fnMap":{"0":{"name":"checkItem","decl":{"start":{"line":31,"column":15},"end":{"line":31,"column":24}},"loc":{"start":{"line":31,"column":49},"end":{"line":92,"column":1}},"line":31},"1":{"name":"(anonymous_1)","decl":{"start":{"line":59,"column":79},"end":{"line":59,"column":80}},"loc":{"start":{"line":59,"column":84},"end":{"line":59,"column":88}},"line":59},"2":{"name":"(anonymous_2)","decl":{"start":{"line":81,"column":56},"end":{"line":81,"column":57}},"loc":{"start":{"line":81,"column":61},"end":{"line":81,"column":65}},"line":81},"3":{"name":"getChecklistStatus","decl":{"start":{"line":105,"column":15},"end":{"line":105,"column":33}},"loc":{"start":{"line":105,"column":40},"end":{"line":128,"column":1}},"line":105},"4":{"name":"(anonymous_4)","decl":{"start":{"line":112,"column":53},"end":{"line":112,"column":54}},"loc":{"start":{"line":112,"column":61},"end":{"line":112,"column":99}},"line":112},"5":{"name":"(anonymous_5)","decl":{"start":{"line":114,"column":35},"end":{"line":114,"column":36}},"loc":{"start":{"line":114,"column":49},"end":{"line":114,"column":80}},"line":114},"6":{"name":"(anonymous_6)","decl":{"start":{"line":115,"column":35},"end":{"line":115,"column":36}},"loc":{"start":{"line":115,"column":40},"end":{"line":115,"column":46}},"line":115},"7":{"name":"_emptyChecklist","decl":{"start":{"line":130,"column":9},"end":{"line":130,"column":24}},"loc":{"start":{"line":130,"column":27},"end":{"line":132,"column":1}},"line":130}},"branchMap":{"0":{"loc":{"start":{"line":33,"column":8},"end":{"line":87,"column":9}},"type":"if","locations":[{"start":{"line":33,"column":8},"end":{"line":87,"column":9}},{"start":{"line":48,"column":15},"end":{"line":87,"column":9}}],"line":33},"1":{"loc":{"start":{"line":34,"column":12},"end":{"line":47,"column":13}},"type":"switch","locations":[{"start":{"line":35,"column":16},"end":{"line":36,"column":72}},{"start":{"line":37,"column":16},"end":{"line":38,"column":104}},{"start":{"line":39,"column":16},"end":{"line":40,"column":89}},{"start":{"line":41,"column":16},"end":{"line":42,"column":83}},{"start":{"line":43,"column":16},"end":{"line":44,"column":86}},{"start":{"line":45,"column":16},"end":{"line":46,"column":63}}],"line":34},"2":{"loc":{"start":{"line":36,"column":30},"end":{"line":36,"column":70}},"type":"binary-expr","locations":[{"start":{"line":36,"column":30},"end":{"line":36,"column":38}},{"start":{"line":36,"column":42},"end":{"line":36,"column":57}},{"start":{"line":36,"column":61},"end":{"line":36,"column":70}}],"line":36},"3":{"loc":{"start":{"line":49,"column":12},"end":{"line":86,"column":13}},"type":"switch","locations":[{"start":{"line":50,"column":16},"end":{"line":51,"column":74}},{"start":{"line":52,"column":16},"end":{"line":53,"column":81}},{"start":{"line":54,"column":16},"end":{"line":55,"column":83}},{"start":{"line":56,"column":16},"end":{"line":60,"column":17}},{"start":{"line":61,"column":16},"end":{"line":63,"column":83}},{"start":{"line":64,"column":16},"end":{"line":74,"column":17}},{"start":{"line":75,"column":16},"end":{"line":85,"column":17}}],"line":49},"4":{"loc":{"start":{"line":51,"column":30},"end":{"line":51,"column":72}},"type":"binary-expr","locations":[{"start":{"line":51,"column":30},"end":{"line":51,"column":38}},{"start":{"line":51,"column":42},"end":{"line":51,"column":57}},{"start":{"line":51,"column":61},"end":{"line":51,"column":72}}],"line":51},"5":{"loc":{"start":{"line":58,"column":20},"end":{"line":58,"column":51}},"type":"if","locations":[{"start":{"line":58,"column":20},"end":{"line":58,"column":51}},{"start":{},"end":{}}],"line":58},"6":{"loc":{"start":{"line":78,"column":20},"end":{"line":78,"column":51}},"type":"if","locations":[{"start":{"line":78,"column":20},"end":{"line":78,"column":51}},{"start":{},"end":{}}],"line":78},"7":{"loc":{"start":{"line":107,"column":4},"end":{"line":107,"column":51}},"type":"if","locations":[{"start":{"line":107,"column":4},"end":{"line":107,"column":51}},{"start":{},"end":{}}],"line":107},"8":{"loc":{"start":{"line":110,"column":24},"end":{"line":110,"column":69}},"type":"cond-expr","locations":[{"start":{"line":110,"column":38},"end":{"line":110,"column":53}},{"start":{"line":110,"column":56},"end":{"line":110,"column":69}}],"line":110},"9":{"loc":{"start":{"line":124,"column":25},"end":{"line":124,"column":78}},"type":"cond-expr","locations":[{"start":{"line":124,"column":37},"end":{"line":124,"column":74}},{"start":{"line":124,"column":77},"end":{"line":124,"column":78}}],"line":124},"10":{"loc":{"start":{"line":126,"column":20},"end":{"line":126,"column":56}},"type":"binary-expr","locations":[{"start":{"line":126,"column":20},"end":{"line":126,"column":44}},{"start":{"line":126,"column":48},"end":{"line":126,"column":56}}],"line":126}},"s":{"0":1,"1":1,"2":1,"3":1,"4":115,"5":115,"6":66,"7":11,"8":11,"9":11,"10":11,"11":11,"12":11,"13":49,"14":7,"15":7,"16":7,"17":7,"18":7,"19":2,"20":5,"21":5,"22":7,"23":7,"24":7,"25":7,"26":7,"27":2,"28":5,"29":5,"30":0,"31":0,"32":19,"33":1,"34":18,"35":18,"36":18,"37":115,"38":18,"39":115,"40":18,"41":115,"42":18,"43":18,"44":18,"45":1,"46":1},"f":{"0":115,"1":5,"2":5,"3":19,"4":115,"5":115,"6":115,"7":1},"b":{"0":[66,49],"1":[11,11,11,11,11,11],"2":[11,4,3],"3":[7,7,7,7,7,7,7],"4":[7,1,1],"5":[2,5],"6":[2,5],"7":[1,18],"8":[11,7],"9":[18,0],"10":[18,17]},"inputSourceMap":null,"_coverageSchema":"1a1c01bbd47fc00a2c39e90264f33305004495a9","hash":"8284ceff6a48361c4b31fefa6b38102b32166058"}
,"C:\\Users\\THIAGO HENRIQUE\\Documents\\Projeto - Tcc\\src\\services\\responsividadeService.js": {"path":"C:\\Users\\THIAGO HENRIQUE\\Documents\\Projeto - Tcc\\src\\services\\responsividadeService.js","statementMap":{"0":{"start":{"line":5,"column":15},"end":{"line":5,"column":35}},"1":{"start":{"line":6,"column":29},"end":{"line":6,"column":49}},"2":{"start":{"line":7,"column":15},"end":{"line":7,"column":43}},"3":{"start":{"line":15,"column":18},"end":{"line":15,"column":29}},"4":{"start":{"line":16,"column":4},"end":{"line":16,"column":89}},"5":{"start":{"line":16,"column":21},"end":{"line":16,"column":89}},"6":{"start":{"line":18,"column":25},"end":{"line":18,"column":97}},"7":{"start":{"line":18,"column":42},"end":{"line":18,"column":96}},"8":{"start":{"line":19,"column":25},"end":{"line":19,"column":71}},"9":{"start":{"line":21,"column":21},"end":{"line":21,"column":22}},"10":{"start":{"line":22,"column":4},"end":{"line":26,"column":5}},"11":{"start":{"line":23,"column":26},"end":{"line":24,"column":92}},"12":{"start":{"line":24,"column":12},"end":{"line":24,"column":88}},"13":{"start":{"line":25,"column":8},"end":{"line":25,"column":64}},"14":{"start":{"line":28,"column":4},"end":{"line":32,"column":6}},"15":{"start":{"line":42,"column":4},"end":{"line":42,"column":59}},"16":{"start":{"line":42,"column":42},"end":{"line":42,"column":59}},"17":{"start":{"line":43,"column":4},"end":{"line":77,"column":5}},"18":{"start":{"line":45,"column":21},"end":{"line":48,"column":10}},"19":{"start":{"line":49,"column":8},"end":{"line":49,"column":48}},"20":{"start":{"line":49,"column":31},"end":{"line":49,"column":48}},"21":{"start":{"line":51,"column":28},"end":{"line":51,"column":47}},"22":{"start":{"line":51,"column":42},"end":{"line":51,"column":46}},"23":{"start":{"line":52,"column":28},"end":{"line":52,"column":79}},"24":{"start":{"line":52,"column":61},"end":{"line":52,"column":77}},"25":{"start":{"line":55,"column":21},"end":{"line":58,"column":10}},"26":{"start":{"line":61,"column":31},"end":{"line":61,"column":33}},"27":{"start":{"line":62,"column":8},"end":{"line":66,"column":9}},"28":{"start":{"line":63,"column":24},"end":{"line":63,"column":46}},"29":{"start":{"line":64,"column":12},"end":{"line":64,"column":63}},"30":{"start":{"line":64,"column":38},"end":{"line":64,"column":63}},"31":{"start":{"line":65,"column":12},"end":{"line":65,"column":42}},"32":{"start":{"line":68,"column":27},"end":{"line":68,"column":36}},"33":{"start":{"line":69,"column":8},"end":{"line":72,"column":9}},"34":{"start":{"line":70,"column":42},"end":{"line":70,"column":88}},"35":{"start":{"line":71,"column":12},"end":{"line":71,"column":58}},"36":{"start":{"line":71,"column":35},"end":{"line":71,"column":58}},"37":{"start":{"line":73,"column":8},"end":{"line":73,"column":26}},"38":{"start":{"line":75,"column":8},"end":{"line":75,"column":113}},"39":{"start":{"line":76,"column":8},"end":{"line":76,"column":25}},"40":{"start":{"line":80,"column":0},"end":{"line":80,"column":62}}},"fnMap":{"0":{"name":"calcularMetricas","decl":{"start":{"line":14,"column":9},"end":{"line":14,"column":25}},"loc":{"start":{"line":14,"column":32},"end":{"line":33,"column":1}},"line":14},"1":{"name":"(anonymous_1)","decl":{"start":{"line":18,"column":37},"end":{"line":18,"column":38}},"loc":{"start":{"line":18,"column":42},"end":{"line":18,"column":96}},"line":18},"2":{"name":"(anonymous_2)","decl":{"start":{"line":23,"column":45},"end":{"line":23,"column":46}},"loc":{"start":{"line":24,"column":12},"end":{"line":24,"column":88}},"line":24},"3":{"name":"getResponsiveCompanies","decl":{"start":{"line":41,"column":15},"end":{"line":41,"column":37}},"loc":{"start":{"line":41,"column":47},"end":{"line":78,"column":1}},"line":41},"4":{"name":"(anonymous_4)","decl":{"start":{"line":51,"column":37},"end":{"line":51,"column":38}},"loc":{"start":{"line":51,"column":42},"end":{"line":51,"column":46}},"line":51},"5":{"name":"(anonymous_5)","decl":{"start":{"line":52,"column":56},"end":{"line":52,"column":57}},"loc":{"start":{"line":52,"column":61},"end":{"line":52,"column":77}},"line":52}},"branchMap":{"0":{"loc":{"start":{"line":16,"column":4},"end":{"line":16,"column":89}},"type":"if","locations":[{"start":{"line":16,"column":4},"end":{"line":16,"column":89}},{"start":{},"end":{}}],"line":16},"1":{"loc":{"start":{"line":22,"column":4},"end":{"line":26,"column":5}},"type":"if","locations":[{"start":{"line":22,"column":4},"end":{"line":26,"column":5}},{"start":{},"end":{}}],"line":22},"2":{"loc":{"start":{"line":31,"column":27},"end":{"line":31,"column":64}},"type":"binary-expr","locations":[{"start":{"line":31,"column":27},"end":{"line":31,"column":45}},{"start":{"line":31,"column":49},"end":{"line":31,"column":64}}],"line":31},"3":{"loc":{"start":{"line":42,"column":4},"end":{"line":42,"column":59}},"type":"if","locations":[{"start":{"line":42,"column":4},"end":{"line":42,"column":59}},{"start":{},"end":{}}],"line":42},"4":{"loc":{"start":{"line":42,"column":8},"end":{"line":42,"column":40}},"type":"binary-expr","locations":[{"start":{"line":42,"column":8},"end":{"line":42,"column":16}},{"start":{"line":42,"column":20},"end":{"line":42,"column":40}}],"line":42},"5":{"loc":{"start":{"line":49,"column":8},"end":{"line":49,"column":48}},"type":"if","locations":[{"start":{"line":49,"column":8},"end":{"line":49,"column":48}},{"start":{},"end":{}}],"line":49},"6":{"loc":{"start":{"line":64,"column":12},"end":{"line":64,"column":63}},"type":"if","locations":[{"start":{"line":64,"column":12},"end":{"line":64,"column":63}},{"start":{},"end":{}}],"line":64},"7":{"loc":{"start":{"line":70,"column":59},"end":{"line":70,"column":87}},"type":"binary-expr","locations":[{"start":{"line":70,"column":59},"end":{"line":70,"column":81}},{"start":{"line":70,"column":85},"end":{"line":70,"column":87}}],"line":70},"8":{"loc":{"start":{"line":71,"column":12},"end":{"line":71,"column":58}},"type":"if","locations":[{"start":{"line":71,"column":12},"end":{"line":71,"column":58}},{"start":{},"end":{}}],"line":71}},"s":{"0":2,"1":2,"2":2,"3":14,"4":14,"5":3,"6":11,"7":42,"8":11,"9":11,"10":11,"11":9,"12":27,"13":9,"14":11,"15":9,"16":2,"17":7,"18":7,"19":6,"20":1,"21":5,"22":5,"23":5,"24":5,"25":5,"26":5,"27":5,"28":20,"29":20,"30":3,"31":20,"32":5,"33":5,"34":5,"35":5,"36":2,"37":5,"38":1,"39":1,"40":2},"f":{"0":14,"1":42,"2":27,"3":9,"4":5,"5":5},"b":{"0":[3,11],"1":[9,2],"2":[11,7],"3":[2,7],"4":[9,9],"5":[1,5],"6":[3,17],"7":[5,2],"8":[2,3]},"inputSourceMap":null,"_coverageSchema":"1a1c01bbd47fc00a2c39e90264f33305004495a9","hash":"f6157010423b1ead78707810aac444f6b47f8ff4"}
,"C:\\Users\\THIAGO HENRIQUE\\Documents\\Projeto - Tcc\\src\\services\\searchService.js": {"path":"C:\\Users\\THIAGO HENRIQUE\\Documents\\Projeto - Tcc\\src\\services\\searchService.js","statementMap":{"0":{"start":{"line":1,"column":24},"end":{"line":1,"column":44}},"1":{"start":{"line":2,"column":37},"end":{"line":2,"column":57}},"2":{"start":{"line":3,"column":18},"end":{"line":3,"column":48}},"3":{"start":{"line":4,"column":45},"end":{"line":4,"column":76}},"4":{"start":{"line":5,"column":35},"end":{"line":5,"column":69}},"5":{"start":{"line":7,"column":14},"end":{"line":7,"column":15}},"6":{"start":{"line":13,"column":4},"end":{"line":13,"column":58}},"7":{"start":{"line":13,"column":48},"end":{"line":13,"column":58}},"8":{"start":{"line":14,"column":4},"end":{"line":17,"column":30}},"9":{"start":{"line":15,"column":23},"end":{"line":15,"column":105}},"10":{"start":{"line":16,"column":8},"end":{"line":16,"column":44}},"11":{"start":{"line":16,"column":31},"end":{"line":16,"column":42}},"12":{"start":{"line":17,"column":18},"end":{"line":17,"column":28}},"13":{"start":{"line":24,"column":19},"end":{"line":24,"column":37}},"14":{"start":{"line":25,"column":23},"end":{"line":25,"column":25}},"15":{"start":{"line":26,"column":23},"end":{"line":26,"column":24}},"16":{"start":{"line":27,"column":23},"end":{"line":27,"column":28}},"17":{"start":{"line":29,"column":4},"end":{"line":61,"column":5}},"18":{"start":{"line":30,"column":26},"end":{"line":36,"column":9}},"19":{"start":{"line":38,"column":28},"end":{"line":43,"column":10}},"20":{"start":{"line":45,"column":25},"end":{"line":45,"column":87}},"21":{"start":{"line":45,"column":75},"end":{"line":45,"column":85}},"22":{"start":{"line":47,"column":8},"end":{"line":60,"column":9}},"23":{"start":{"line":48,"column":12},"end":{"line":48,"column":32}},"24":{"start":{"line":49,"column":12},"end":{"line":49,"column":47}},"25":{"start":{"line":51,"column":29},"end":{"line":52,"column":68}},"26":{"start":{"line":52,"column":27},"end":{"line":52,"column":43}},"27":{"start":{"line":54,"column":12},"end":{"line":59,"column":13}},"28":{"start":{"line":55,"column":16},"end":{"line":58,"column":19}},"29":{"start":{"line":63,"column":4},"end":{"line":94,"column":5}},"30":{"start":{"line":64,"column":27},"end":{"line":64,"column":29}},"31":{"start":{"line":65,"column":8},"end":{"line":65,"column":137}},"32":{"start":{"line":65,"column":22},"end":{"line":65,"column":137}},"33":{"start":{"line":66,"column":8},"end":{"line":66,"column":76}},"34":{"start":{"line":66,"column":46},"end":{"line":66,"column":76}},"35":{"start":{"line":67,"column":8},"end":{"line":67,"column":100}},"36":{"start":{"line":67,"column":46},"end":{"line":67,"column":100}},"37":{"start":{"line":68,"column":8},"end":{"line":68,"column":79}},"38":{"start":{"line":68,"column":46},"end":{"line":68,"column":79}},"39":{"start":{"line":69,"column":8},"end":{"line":69,"column":109}},"40":{"start":{"line":69,"column":46},"end":{"line":69,"column":109}},"41":{"start":{"line":71,"column":28},"end":{"line":71,"column":81}},"42":{"start":{"line":72,"column":32},"end":{"line":72,"column":135}},"43":{"start":{"line":74,"column":8},"end":{"line":74,"column":29}},"44":{"start":{"line":75,"column":8},"end":{"line":75,"column":28}},"45":{"start":{"line":78,"column":8},"end":{"line":85,"column":9}},"46":{"start":{"line":79,"column":27},"end":{"line":79,"column":140}},"47":{"start":{"line":80,"column":27},"end":{"line":80,"column":41}},"48":{"start":{"line":81,"column":12},"end":{"line":84,"column":13}},"49":{"start":{"line":82,"column":45},"end":{"line":82,"column":62}},"50":{"start":{"line":82,"column":53},"end":{"line":82,"column":62}},"51":{"start":{"line":82,"column":73},"end":{"line":82,"column":107}},"52":{"start":{"line":82,"column":109},"end":{"line":82,"column":143}},"53":{"start":{"line":83,"column":16},"end":{"line":83,"column":142}},"54":{"start":{"line":83,"column":70},"end":{"line":83,"column":94}},"55":{"start":{"line":83,"column":96},"end":{"line":83,"column":138}},"56":{"start":{"line":88,"column":8},"end":{"line":93,"column":9}},"57":{"start":{"line":89,"column":12},"end":{"line":92,"column":15}},"58":{"start":{"line":90,"column":29},"end":{"line":90,"column":93}},"59":{"start":{"line":91,"column":16},"end":{"line":91,"column":58}},"60":{"start":{"line":96,"column":4},"end":{"line":96,"column":60}},"61":{"start":{"line":103,"column":27},"end":{"line":103,"column":106}},"62":{"start":{"line":103,"column":53},"end":{"line":103,"column":87}},"63":{"start":{"line":104,"column":32},"end":{"line":104,"column":76}},"64":{"start":{"line":105,"column":4},"end":{"line":108,"column":8}},"65":{"start":{"line":105,"column":28},"end":{"line":108,"column":5}},"66":{"start":{"line":115,"column":4},"end":{"line":118,"column":30}},"67":{"start":{"line":116,"column":29},"end":{"line":116,"column":109}},"68":{"start":{"line":117,"column":8},"end":{"line":117,"column":95}},"69":{"start":{"line":117,"column":71},"end":{"line":117,"column":78}},"70":{"start":{"line":118,"column":18},"end":{"line":118,"column":28}},"71":{"start":{"line":125,"column":26},"end":{"line":125,"column":55}},"72":{"start":{"line":126,"column":26},"end":{"line":126,"column":64}},"73":{"start":{"line":127,"column":26},"end":{"line":127,"column":89}},"74":{"start":{"line":128,"column":26},"end":{"line":128,"column":89}},"75":{"start":{"line":129,"column":26},"end":{"line":129,"column":89}},"76":{"start":{"line":130,"column":26},"end":{"line":130,"column":89}},"77":{"start":{"line":131,"column":26},"end":{"line":131,"column":49}},"78":{"start":{"line":132,"column":26},"end":{"line":132,"column":108}},"79":{"start":{"line":134,"column":18},"end":{"line":134,"column":20}},"80":{"start":{"line":135,"column":4},"end":{"line":137,"column":5}},"81":{"start":{"line":135,"column":17},"end":{"line":135,"column":18}},"82":{"start":{"line":136,"column":8},"end":{"line":136,"column":88}},"83":{"start":{"line":139,"column":4},"end":{"line":146,"column":6}},"84":{"start":{"line":149,"column":0},"end":{"line":149,"column":101}}},"fnMap":{"0":{"name":"getBlockedCompanyIds","decl":{"start":{"line":12,"column":15},"end":{"line":12,"column":35}},"loc":{"start":{"line":12,"column":42},"end":{"line":18,"column":1}},"line":12},"1":{"name":"(anonymous_1)","decl":{"start":{"line":16,"column":26},"end":{"line":16,"column":27}},"loc":{"start":{"line":16,"column":31},"end":{"line":16,"column":42}},"line":16},"2":{"name":"searchJobs","decl":{"start":{"line":23,"column":15},"end":{"line":23,"column":25}},"loc":{"start":{"line":23,"column":101},"end":{"line":97,"column":1}},"line":23},"3":{"name":"(anonymous_3)","decl":{"start":{"line":45,"column":70},"end":{"line":45,"column":71}},"loc":{"start":{"line":45,"column":75},"end":{"line":45,"column":85}},"line":45},"4":{"name":"(anonymous_4)","decl":{"start":{"line":52,"column":21},"end":{"line":52,"column":22}},"loc":{"start":{"line":52,"column":27},"end":{"line":52,"column":43}},"line":52},"5":{"name":"parseSalaryMin","decl":{"start":{"line":82,"column":25},"end":{"line":82,"column":39}},"loc":{"start":{"line":82,"column":43},"end":{"line":82,"column":145}},"line":82},"6":{"name":"(anonymous_6)","decl":{"start":{"line":83,"column":51},"end":{"line":83,"column":52}},"loc":{"start":{"line":83,"column":56},"end":{"line":83,"column":140}},"line":83},"7":{"name":"(anonymous_7)","decl":{"start":{"line":89,"column":47},"end":{"line":89,"column":48}},"loc":{"start":{"line":89,"column":52},"end":{"line":92,"column":13}},"line":89},"8":{"name":"attachBadges","decl":{"start":{"line":102,"column":15},"end":{"line":102,"column":27}},"loc":{"start":{"line":102,"column":34},"end":{"line":109,"column":1}},"line":102},"9":{"name":"(anonymous_9)","decl":{"start":{"line":103,"column":48},"end":{"line":103,"column":49}},"loc":{"start":{"line":103,"column":53},"end":{"line":103,"column":87}},"line":103},"10":{"name":"(anonymous_10)","decl":{"start":{"line":105,"column":20},"end":{"line":105,"column":21}},"loc":{"start":{"line":105,"column":28},"end":{"line":108,"column":5}},"line":105},"11":{"name":"getSuggestions","decl":{"start":{"line":114,"column":15},"end":{"line":114,"column":29}},"loc":{"start":{"line":114,"column":53},"end":{"line":119,"column":1}},"line":114},"12":{"name":"(anonymous_12)","decl":{"start":{"line":117,"column":66},"end":{"line":117,"column":67}},"loc":{"start":{"line":117,"column":71},"end":{"line":117,"column":78}},"line":117},"13":{"name":"buildPagination","decl":{"start":{"line":124,"column":9},"end":{"line":124,"column":24}},"loc":{"start":{"line":124,"column":93},"end":{"line":147,"column":1}},"line":124}},"branchMap":{"0":{"loc":{"start":{"line":13,"column":4},"end":{"line":13,"column":58}},"type":"if","locations":[{"start":{"line":13,"column":4},"end":{"line":13,"column":58}},{"start":{},"end":{}}],"line":13},"1":{"loc":{"start":{"line":13,"column":8},"end":{"line":13,"column":46}},"type":"binary-expr","locations":[{"start":{"line":13,"column":8},"end":{"line":13,"column":13}},{"start":{"line":13,"column":17},"end":{"line":13,"column":46}}],"line":13},"2":{"loc":{"start":{"line":29,"column":4},"end":{"line":61,"column":5}},"type":"if","locations":[{"start":{"line":29,"column":4},"end":{"line":61,"column":5}},{"start":{},"end":{}}],"line":29},"3":{"loc":{"start":{"line":29,"column":8},"end":{"line":29,"column":43}},"type":"binary-expr","locations":[{"start":{"line":29,"column":8},"end":{"line":29,"column":14}},{"start":{"line":29,"column":18},"end":{"line":29,"column":43}}],"line":29},"4":{"loc":{"start":{"line":32,"column":16},"end":{"line":32,"column":68}},"type":"cond-expr","locations":[{"start":{"line":32,"column":51},"end":{"line":32,"column":63}},{"start":{"line":32,"column":66},"end":{"line":32,"column":68}}],"line":32},"5":{"loc":{"start":{"line":32,"column":16},"end":{"line":32,"column":48}},"type":"binary-expr","locations":[{"start":{"line":32,"column":16},"end":{"line":32,"column":24}},{"start":{"line":32,"column":28},"end":{"line":32,"column":48}}],"line":32},"6":{"loc":{"start":{"line":33,"column":16},"end":{"line":33,"column":84}},"type":"cond-expr","locations":[{"start":{"line":33,"column":43},"end":{"line":33,"column":79}},{"start":{"line":33,"column":82},"end":{"line":33,"column":84}}],"line":33},"7":{"loc":{"start":{"line":33,"column":16},"end":{"line":33,"column":40}},"type":"binary-expr","locations":[{"start":{"line":33,"column":16},"end":{"line":33,"column":20}},{"start":{"line":33,"column":24},"end":{"line":33,"column":40}}],"line":33},"8":{"loc":{"start":{"line":34,"column":16},"end":{"line":34,"column":44}},"type":"cond-expr","locations":[{"start":{"line":34,"column":24},"end":{"line":34,"column":39}},{"start":{"line":34,"column":42},"end":{"line":34,"column":44}}],"line":34},"9":{"loc":{"start":{"line":35,"column":16},"end":{"line":35,"column":97}},"type":"cond-expr","locations":[{"start":{"line":35,"column":47},"end":{"line":35,"column":92}},{"start":{"line":35,"column":95},"end":{"line":35,"column":97}}],"line":35},"10":{"loc":{"start":{"line":47,"column":8},"end":{"line":60,"column":9}},"type":"if","locations":[{"start":{"line":47,"column":8},"end":{"line":60,"column":9}},{"start":{},"end":{}}],"line":47},"11":{"loc":{"start":{"line":47,"column":12},"end":{"line":47,"column":63}},"type":"binary-expr","locations":[{"start":{"line":47,"column":12},"end":{"line":47,"column":20}},{"start":{"line":47,"column":24},"end":{"line":47,"column":36}},{"start":{"line":47,"column":40},"end":{"line":47,"column":63}}],"line":47},"12":{"loc":{"start":{"line":54,"column":12},"end":{"line":59,"column":13}},"type":"if","locations":[{"start":{"line":54,"column":12},"end":{"line":59,"column":13}},{"start":{},"end":{}}],"line":54},"13":{"loc":{"start":{"line":63,"column":4},"end":{"line":94,"column":5}},"type":"if","locations":[{"start":{"line":63,"column":4},"end":{"line":94,"column":5}},{"start":{},"end":{}}],"line":63},"14":{"loc":{"start":{"line":65,"column":8},"end":{"line":65,"column":137}},"type":"if","locations":[{"start":{"line":65,"column":8},"end":{"line":65,"column":137}},{"start":{},"end":{}}],"line":65},"15":{"loc":{"start":{"line":66,"column":8},"end":{"line":66,"column":76}},"type":"if","locations":[{"start":{"line":66,"column":8},"end":{"line":66,"column":76}},{"start":{},"end":{}}],"line":66},"16":{"loc":{"start":{"line":66,"column":12},"end":{"line":66,"column":44}},"type":"binary-expr","locations":[{"start":{"line":66,"column":12},"end":{"line":66,"column":20}},{"start":{"line":66,"column":24},"end":{"line":66,"column":44}}],"line":66},"17":{"loc":{"start":{"line":67,"column":8},"end":{"line":67,"column":100}},"type":"if","locations":[{"start":{"line":67,"column":8},"end":{"line":67,"column":100}},{"start":{},"end":{}}],"line":67},"18":{"loc":{"start":{"line":67,"column":12},"end":{"line":67,"column":44}},"type":"binary-expr","locations":[{"start":{"line":67,"column":12},"end":{"line":67,"column":16}},{"start":{"line":67,"column":24},"end":{"line":67,"column":44}}],"line":67},"19":{"loc":{"start":{"line":68,"column":8},"end":{"line":68,"column":79}},"type":"if","locations":[{"start":{"line":68,"column":8},"end":{"line":68,"column":79}},{"start":{},"end":{}}],"line":68},"20":{"loc":{"start":{"line":69,"column":8},"end":{"line":69,"column":109}},"type":"if","locations":[{"start":{"line":69,"column":8},"end":{"line":69,"column":109}},{"start":{},"end":{}}],"line":69},"21":{"loc":{"start":{"line":71,"column":28},"end":{"line":71,"column":81}},"type":"cond-expr","locations":[{"start":{"line":71,"column":52},"end":{"line":71,"column":76}},{"start":{"line":71,"column":79},"end":{"line":71,"column":81}}],"line":71},"22":{"loc":{"start":{"line":78,"column":8},"end":{"line":85,"column":9}},"type":"if","locations":[{"start":{"line":78,"column":8},"end":{"line":85,"column":9}},{"start":{},"end":{}}],"line":78},"23":{"loc":{"start":{"line":78,"column":12},"end":{"line":78,"column":40}},"type":"binary-expr","locations":[{"start":{"line":78,"column":12},"end":{"line":78,"column":18}},{"start":{"line":78,"column":22},"end":{"line":78,"column":40}}],"line":78},"24":{"loc":{"start":{"line":81,"column":12},"end":{"line":84,"column":13}},"type":"if","locations":[{"start":{"line":81,"column":12},"end":{"line":84,"column":13}},{"start":{},"end":{}}],"line":81},"25":{"loc":{"start":{"line":82,"column":45},"end":{"line":82,"column":62}},"type":"if","locations":[{"start":{"line":82,"column":45},"end":{"line":82,"column":62}},{"start":{},"end":{}}],"line":82},"26":{"loc":{"start":{"line":82,"column":116},"end":{"line":82,"column":142}},"type":"cond-expr","locations":[{"start":{"line":82,"column":120},"end":{"line":82,"column":138}},{"start":{"line":82,"column":141},"end":{"line":82,"column":142}}],"line":82},"27":{"loc":{"start":{"line":83,"column":103},"end":{"line":83,"column":137}},"type":"binary-expr","locations":[{"start":{"line":83,"column":103},"end":{"line":83,"column":118}},{"start":{"line":83,"column":122},"end":{"line":83,"column":137}}],"line":83},"28":{"loc":{"start":{"line":88,"column":8},"end":{"line":93,"column":9}},"type":"if","locations":[{"start":{"line":88,"column":8},"end":{"line":93,"column":9}},{"start":{},"end":{}}],"line":88},"29":{"loc":{"start":{"line":88,"column":12},"end":{"line":88,"column":38}},"type":"binary-expr","locations":[{"start":{"line":88,"column":12},"end":{"line":88,"column":17}},{"start":{"line":88,"column":21},"end":{"line":88,"column":38}}],"line":88},"30":{"loc":{"start":{"line":103,"column":54},"end":{"line":103,"column":79}},"type":"cond-expr","locations":[{"start":{"line":103,"column":65},"end":{"line":103,"column":75}},{"start":{"line":103,"column":78},"end":{"line":103,"column":79}}],"line":103},"31":{"loc":{"start":{"line":106,"column":12},"end":{"line":106,"column":43}},"type":"cond-expr","locations":[{"start":{"line":106,"column":25},"end":{"line":106,"column":37}},{"start":{"line":106,"column":40},"end":{"line":106,"column":43}}],"line":106},"32":{"loc":{"start":{"line":107,"column":52},"end":{"line":107,"column":83}},"type":"cond-expr","locations":[{"start":{"line":107,"column":65},"end":{"line":107,"column":77}},{"start":{"line":107,"column":80},"end":{"line":107,"column":83}}],"line":107},"33":{"loc":{"start":{"line":126,"column":26},"end":{"line":126,"column":64}},"type":"cond-expr","locations":[{"start":{"line":126,"column":37},"end":{"line":126,"column":53}},{"start":{"line":126,"column":62},"end":{"line":126,"column":64}}],"line":126},"34":{"loc":{"start":{"line":127,"column":26},"end":{"line":127,"column":89}},"type":"cond-expr","locations":[{"start":{"line":127,"column":61},"end":{"line":127,"column":84}},{"start":{"line":127,"column":87},"end":{"line":127,"column":89}}],"line":127},"35":{"loc":{"start":{"line":127,"column":26},"end":{"line":127,"column":58}},"type":"binary-expr","locations":[{"start":{"line":127,"column":26},"end":{"line":127,"column":34}},{"start":{"line":127,"column":38},"end":{"line":127,"column":58}}],"line":127},"36":{"loc":{"start":{"line":128,"column":26},"end":{"line":128,"column":89}},"type":"cond-expr","locations":[{"start":{"line":128,"column":61},"end":{"line":128,"column":80}},{"start":{"line":128,"column":87},"end":{"line":128,"column":89}}],"line":128},"37":{"loc":{"start":{"line":128,"column":26},"end":{"line":128,"column":58}},"type":"binary-expr","locations":[{"start":{"line":128,"column":26},"end":{"line":128,"column":32}},{"start":{"line":128,"column":38},"end":{"line":128,"column":58}}],"line":128},"38":{"loc":{"start":{"line":129,"column":26},"end":{"line":129,"column":89}},"type":"cond-expr","locations":[{"start":{"line":129,"column":61},"end":{"line":129,"column":76}},{"start":{"line":129,"column":87},"end":{"line":129,"column":89}}],"line":129},"39":{"loc":{"start":{"line":129,"column":26},"end":{"line":129,"column":58}},"type":"binary-expr","locations":[{"start":{"line":129,"column":26},"end":{"line":129,"column":30}},{"start":{"line":129,"column":38},"end":{"line":129,"column":58}}],"line":129},"40":{"loc":{"start":{"line":130,"column":26},"end":{"line":130,"column":89}},"type":"cond-expr","locations":[{"start":{"line":130,"column":61},"end":{"line":130,"column":78}},{"start":{"line":130,"column":87},"end":{"line":130,"column":89}}],"line":130},"41":{"loc":{"start":{"line":130,"column":26},"end":{"line":130,"column":58}},"type":"binary-expr","locations":[{"start":{"line":130,"column":26},"end":{"line":130,"column":31}},{"start":{"line":130,"column":38},"end":{"line":130,"column":58}}],"line":130},"42":{"loc":{"start":{"line":131,"column":26},"end":{"line":131,"column":49}},"type":"cond-expr","locations":[{"start":{"line":131,"column":34},"end":{"line":131,"column":44}},{"start":{"line":131,"column":47},"end":{"line":131,"column":49}}],"line":131}},"s":{"0":1,"1":1,"2":1,"3":1,"4":1,"5":1,"6":6,"7":2,"8":4,"9":4,"10":3,"11":3,"12":1,"13":4,"14":4,"15":4,"16":4,"17":4,"18":1,"19":1,"20":1,"21":1,"22":1,"23":0,"24":0,"25":0,"26":0,"27":0,"28":0,"29":4,"30":4,"31":4,"32":1,"33":4,"34":1,"35":4,"36":0,"37":4,"38":0,"39":4,"40":1,"41":4,"42":4,"43":4,"44":4,"45":4,"46":0,"47":0,"48":0,"49":0,"50":0,"51":0,"52":0,"53":0,"54":0,"55":0,"56":4,"57":0,"58":0,"59":0,"60":4,"61":4,"62":3,"63":4,"64":4,"65":3,"66":2,"67":2,"68":1,"69":0,"70":1,"71":9,"72":9,"73":9,"74":9,"75":9,"76":9,"77":9,"78":9,"79":9,"80":9,"81":9,"82":19,"83":9,"84":1},"f":{"0":6,"1":3,"2":4,"3":1,"4":0,"5":0,"6":0,"7":0,"8":4,"9":3,"10":3,"11":2,"12":0,"13":9},"b":{"0":[2,4],"1":[6,5],"2":[1,3],"3":[4,1],"4":[0,1],"5":[1,0],"6":[0,1],"7":[1,0],"8":[0,1],"9":[0,1],"10":[0,1],"11":[1,0,0],"12":[0,0],"13":[4,0],"14":[1,3],"15":[1,3],"16":[4,1],"17":[0,4],"18":[4,0],"19":[0,4],"20":[1,3],"21":[3,1],"22":[0,4],"23":[4,0],"24":[0,0],"25":[0,0],"26":[0,0],"27":[0,0],"28":[0,4],"29":[4,0],"30":[2,1],"31":[2,1],"32":[2,1],"33":[1,8],"34":[1,8],"35":[9,2],"36":[0,9],"37":[9,1],"38":[0,9],"39":[9,1],"40":[0,9],"41":[9,1],"42":[1,8]},"inputSourceMap":null,"_coverageSchema":"1a1c01bbd47fc00a2c39e90264f33305004495a9","hash":"16b293e8726efc026dccf903cc8d3c3a270d57d9"}
,"C:\\Users\\THIAGO HENRIQUE\\Documents\\Projeto - Tcc\\src\\services\\similarCandidatesService.js": {"path":"C:\\Users\\THIAGO HENRIQUE\\Documents\\Projeto - Tcc\\src\\services\\similarCandidatesService.js","statementMap":{"0":{"start":{"line":11,"column":24},"end":{"line":11,"column":44}},"1":{"start":{"line":12,"column":57},"end":{"line":12,"column":77}},"2":{"start":{"line":13,"column":24},"end":{"line":13,"column":57}},"3":{"start":{"line":14,"column":24},"end":{"line":14,"column":52}},"4":{"start":{"line":15,"column":24},"end":{"line":15,"column":52}},"5":{"start":{"line":16,"column":24},"end":{"line":16,"column":52}},"6":{"start":{"line":17,"column":25},"end":{"line":17,"column":62}},"7":{"start":{"line":18,"column":24},"end":{"line":18,"column":56}},"8":{"start":{"line":20,"column":27},"end":{"line":20,"column":29}},"9":{"start":{"line":21,"column":27},"end":{"line":21,"column":28}},"10":{"start":{"line":22,"column":27},"end":{"line":22,"column":30}},"11":{"start":{"line":32,"column":4},"end":{"line":123,"column":5}},"12":{"start":{"line":33,"column":20},"end":{"line":33,"column":45}},"13":{"start":{"line":34,"column":8},"end":{"line":34,"column":60}},"14":{"start":{"line":34,"column":50},"end":{"line":34,"column":60}},"15":{"start":{"line":37,"column":29},"end":{"line":40,"column":10}},"16":{"start":{"line":41,"column":27},"end":{"line":41,"column":67}},"17":{"start":{"line":41,"column":57},"end":{"line":41,"column":65}},"18":{"start":{"line":42,"column":8},"end":{"line":42,"column":38}},"19":{"start":{"line":45,"column":30},"end":{"line":45,"column":45}},"20":{"start":{"line":46,"column":27},"end":{"line":53,"column":10}},"21":{"start":{"line":55,"column":8},"end":{"line":55,"column":47}},"22":{"start":{"line":55,"column":37},"end":{"line":55,"column":47}},"23":{"start":{"line":58,"column":29},"end":{"line":58,"column":54}},"24":{"start":{"line":58,"column":49},"end":{"line":58,"column":53}},"25":{"start":{"line":59,"column":29},"end":{"line":59,"column":99}},"26":{"start":{"line":60,"column":29},"end":{"line":60,"column":80}},"27":{"start":{"line":60,"column":65},"end":{"line":60,"column":78}},"28":{"start":{"line":63,"column":33},"end":{"line":63,"column":83}},"29":{"start":{"line":63,"column":62},"end":{"line":63,"column":82}},"30":{"start":{"line":64,"column":33},"end":{"line":66,"column":16}},"31":{"start":{"line":67,"column":32},"end":{"line":67,"column":41}},"32":{"start":{"line":68,"column":8},"end":{"line":71,"column":9}},"33":{"start":{"line":69,"column":31},"end":{"line":69,"column":45}},"34":{"start":{"line":70,"column":12},"end":{"line":70,"column":77}},"35":{"start":{"line":70,"column":32},"end":{"line":70,"column":75}},"36":{"start":{"line":73,"column":24},"end":{"line":73,"column":36}},"37":{"start":{"line":74,"column":24},"end":{"line":74,"column":26}},"38":{"start":{"line":77,"column":8},"end":{"line":115,"column":9}},"39":{"start":{"line":78,"column":12},"end":{"line":78,"column":45}},"40":{"start":{"line":78,"column":36},"end":{"line":78,"column":45}},"41":{"start":{"line":80,"column":27},"end":{"line":80,"column":45}},"42":{"start":{"line":81,"column":12},"end":{"line":81,"column":34}},"43":{"start":{"line":81,"column":25},"end":{"line":81,"column":34}},"44":{"start":{"line":83,"column":31},"end":{"line":83,"column":50}},"45":{"start":{"line":84,"column":38},"end":{"line":84,"column":86}},"46":{"start":{"line":84,"column":62},"end":{"line":84,"column":84}},"47":{"start":{"line":86,"column":29},"end":{"line":86,"column":58}},"48":{"start":{"line":88,"column":34},"end":{"line":88,"column":35}},"49":{"start":{"line":89,"column":12},"end":{"line":93,"column":13}},"50":{"start":{"line":90,"column":31},"end":{"line":90,"column":89}},"51":{"start":{"line":90,"column":66},"end":{"line":90,"column":88}},"52":{"start":{"line":91,"column":31},"end":{"line":91,"column":82}},"53":{"start":{"line":92,"column":16},"end":{"line":92,"column":81}},"54":{"start":{"line":95,"column":34},"end":{"line":95,"column":84}},"55":{"start":{"line":96,"column":12},"end":{"line":96,"column":61}},"56":{"start":{"line":96,"column":52},"end":{"line":96,"column":61}},"57":{"start":{"line":98,"column":33},"end":{"line":100,"column":28}},"58":{"start":{"line":99,"column":29},"end":{"line":99,"column":72}},"59":{"start":{"line":102,"column":12},"end":{"line":114,"column":15}},"60":{"start":{"line":117,"column":8},"end":{"line":119,"column":35}},"61":{"start":{"line":118,"column":28},"end":{"line":118,"column":61}},"62":{"start":{"line":121,"column":8},"end":{"line":121,"column":113}},"63":{"start":{"line":122,"column":8},"end":{"line":122,"column":18}},"64":{"start":{"line":141,"column":4},"end":{"line":224,"column":5}},"65":{"start":{"line":142,"column":36},"end":{"line":145,"column":10}},"66":{"start":{"line":147,"column":8},"end":{"line":147,"column":60}},"67":{"start":{"line":147,"column":50},"end":{"line":147,"column":60}},"68":{"start":{"line":149,"column":41},"end":{"line":149,"column":66}},"69":{"start":{"line":150,"column":31},"end":{"line":150,"column":85}},"70":{"start":{"line":150,"column":61},"end":{"line":150,"column":83}},"71":{"start":{"line":153,"column":29},"end":{"line":156,"column":10}},"72":{"start":{"line":157,"column":27},"end":{"line":157,"column":67}},"73":{"start":{"line":157,"column":57},"end":{"line":157,"column":65}},"74":{"start":{"line":158,"column":8},"end":{"line":158,"column":38}},"75":{"start":{"line":160,"column":30},"end":{"line":160,"column":45}},"76":{"start":{"line":161,"column":27},"end":{"line":168,"column":10}},"77":{"start":{"line":170,"column":8},"end":{"line":170,"column":47}},"78":{"start":{"line":170,"column":37},"end":{"line":170,"column":47}},"79":{"start":{"line":172,"column":29},"end":{"line":172,"column":54}},"80":{"start":{"line":172,"column":49},"end":{"line":172,"column":53}},"81":{"start":{"line":173,"column":29},"end":{"line":173,"column":99}},"82":{"start":{"line":174,"column":29},"end":{"line":174,"column":80}},"83":{"start":{"line":174,"column":65},"end":{"line":174,"column":78}},"84":{"start":{"line":176,"column":24},"end":{"line":176,"column":36}},"85":{"start":{"line":177,"column":24},"end":{"line":177,"column":26}},"86":{"start":{"line":179,"column":8},"end":{"line":216,"column":9}},"87":{"start":{"line":180,"column":12},"end":{"line":180,"column":45}},"88":{"start":{"line":180,"column":36},"end":{"line":180,"column":45}},"89":{"start":{"line":182,"column":27},"end":{"line":182,"column":45}},"90":{"start":{"line":183,"column":12},"end":{"line":183,"column":34}},"91":{"start":{"line":183,"column":25},"end":{"line":183,"column":34}},"92":{"start":{"line":185,"column":31},"end":{"line":185,"column":50}},"93":{"start":{"line":186,"column":29},"end":{"lin
[...]
5":{"start":{"line":238,"column":55},"end":{"line":238,"column":64}},"86":{"start":{"line":240,"column":29},"end":{"line":240,"column":60}},"87":{"start":{"line":241,"column":29},"end":{"line":241,"column":93}},"88":{"start":{"line":242,"column":12},"end":{"line":242,"column":51}},"89":{"start":{"line":242,"column":42},"end":{"line":242,"column":51}},"90":{"start":{"line":244,"column":30},"end":{"line":244,"column":56}},"91":{"start":{"line":245,"column":12},"end":{"line":251,"column":15}},"92":{"start":{"line":252,"column":12},"end":{"line":252,"column":23}},"93":{"start":{"line":255,"column":8},"end":{"line":257,"column":9}},"94":{"start":{"line":256,"column":12},"end":{"line":256,"column":122}},"95":{"start":{"line":259,"column":8},"end":{"line":259,"column":126}},"96":{"start":{"line":276,"column":4},"end":{"line":329,"column":5}},"97":{"start":{"line":277,"column":33},"end":{"line":280,"column":10}},"98":{"start":{"line":282,"column":8},"end":{"line":282,"column":75}},"99":{"start":{"line":282,"column":24},"end":{"line":282,"column":75}},"100":{"start":{"line":283,"column":8},"end":{"line":283,"column":80}},"101":{"start":{"line":283,"column":24},"end":{"line":283,"column":80}},"102":{"start":{"line":284,"column":8},"end":{"line":284,"column":87}},"103":{"start":{"line":284,"column":42},"end":{"line":284,"column":87}},"104":{"start":{"line":286,"column":24},"end":{"line":286,"column":109}},"105":{"start":{"line":287,"column":24},"end":{"line":287,"column":46}},"106":{"start":{"line":290,"column":8},"end":{"line":290,"column":91}},"107":{"start":{"line":293,"column":8},"end":{"line":296,"column":11}},"108":{"start":{"line":299,"column":8},"end":{"line":322,"column":11}},"109":{"start":{"line":324,"column":8},"end":{"line":324,"column":108}},"110":{"start":{"line":325,"column":8},"end":{"line":325,"column":28}},"111":{"start":{"line":327,"column":8},"end":{"line":327,"column":120}},"112":{"start":{"line":328,"column":8},"end":{"line":328,"column":49}},"113":{"start":{"line":335,"column":14},"end":{"line":335,"column":24}},"114":{"start":{"line":336,"column":4},"end":{"line":336,"column":33}},"115":{"start":{"line":337,"column":4},"end":{"line":337,"column":13}},"116":{"start":{"line":341,"column":19},"end":{"line":341,"column":29}},"117":{"start":{"line":342,"column":19},"end":{"line":342,"column":33}},"118":{"start":{"line":343,"column":19},"end":{"line":343,"column":101}},"119":{"start":{"line":344,"column":4},"end":{"line":344,"column":31}},"120":{"start":{"line":348,"column":20},"end":{"line":348,"column":169}},"121":{"start":{"line":349,"column":20},"end":{"line":349,"column":42}},"122":{"start":{"line":352,"column":4},"end":{"line":352,"column":85}},"123":{"start":{"line":355,"column":4},"end":{"line":358,"column":7}},"124":{"start":{"line":361,"column":4},"end":{"line":386,"column":146}},"125":{"start":{"line":386,"column":20},"end":{"line":386,"column":144}},"126":{"start":{"line":403,"column":4},"end":{"line":403,"column":73}},"127":{"start":{"line":403,"column":63},"end":{"line":403,"column":73}},"128":{"start":{"line":405,"column":26},"end":{"line":405,"column":61}},"129":{"start":{"line":406,"column":37},"end":{"line":406,"column":62}},"130":{"start":{"line":407,"column":27},"end":{"line":407,"column":81}},"131":{"start":{"line":407,"column":57},"end":{"line":407,"column":79}},"132":{"start":{"line":409,"column":19},"end":{"line":414,"column":5}},"133":{"start":{"line":410,"column":8},"end":{"line":413,"column":31}},"134":{"start":{"line":416,"column":19},"end":{"line":434,"column":6}},"135":{"start":{"line":417,"column":23},"end":{"line":417,"column":44}},"136":{"start":{"line":418,"column":27},"end":{"line":418,"column":46}},"137":{"start":{"line":419,"column":25},"end":{"line":419,"column":73}},"138":{"start":{"line":419,"column":49},"end":{"line":419,"column":71}},"139":{"start":{"line":421,"column":23},"end":{"line":421,"column":71}},"140":{"start":{"line":421,"column":55},"end":{"line":421,"column":70}},"141":{"start":{"line":422,"column":23},"end":{"line":422,"column":64}},"142":{"start":{"line":423,"column":27},"end":{"line":423,"column":94}},"143":{"start":{"line":425,"column":8},"end":{"line":433,"column":10}},"144":{"start":{"line":436,"column":4},"end":{"line":439,"column":25}},"145":{"start":{"line":437,"column":21},"end":{"line":437,"column":66}},"146":{"start":{"line":438,"column":24},"end":{"line":438,"column":105}},"147":{"start":{"line":442,"column":0},"end":{"line":449,"column":2}}},"fnMap":{"0":{"name":"calcFitScore","decl":{"start":{"line":44,"column":9},"end":{"line":44,"column":21}},"loc":{"start":{"line":44,"column":35},"end":{"line":70,"column":1}},"line":44},"1":{"name":"(anonymous_1)","decl":{"start":{"line":52,"column":22},"end":{"line":52,"column":23}},"loc":{"start":{"line":52,"column":27},"end":{"line":52,"column":49}},"line":52},"2":{"name":"(anonymous_2)","decl":{"start":{"line":53,"column":27},"end":{"line":53,"column":28}},"loc":{"start":{"line":53,"column":32},"end":{"line":53,"column":67}},"line":53},"3":{"name":"(anonymous_3)","decl":{"start":{"line":54,"column":13},"end":{"line":54,"column":14}},"loc":{"start":{"line":54,"column":18},"end":{"line":54,"column":30}},"line":54},"4":{"name":"(anonymous_4)","decl":{"start":{"line":64,"column":17},"end":{"line":64,"column":18}},"loc":{"start":{"line":64,"column":22},"end":{"line":64,"column":30}},"line":64},"5":{"name":"(anonymous_5)","decl":{"start":{"line":65,"column":20},"end":{"line":65,"column":21}},"loc":{"start":{"line":65,"column":25},"end":{"line":65,"column":37}},"line":65},"6":{"name":"(anonymous_6)","decl":{"start":{"line":68,"column":50},"end":{"line":68,"column":51}},"loc":{"start":{"line":68,"column":56},"end":{"line":68,"column":72}},"line":68},"7":{"name":"applyPcdBoost","decl":{"start":{"line":76,"column":9},"end":{"line":76,"column":22}},"loc":{"start":{"line":76,"column":46},"end":{"line":81,"column":1}},"line":76},"8":{"name":"findTalentsForJob","decl":{"start":{"line":96,"column":15},"end":{"line":96,"column":32}},"loc":{"start":{"line":96,"column":53},"end":{"line":179,"column":1}},"line":96},"9":{"name":"(anonymous_9)","decl":{"start":{"line":108,"column":46},"end":{"line":108,"column":47}},"loc":{"start":{"line":108,"column":51},"end":{"line":108,"column":55}},"line":108},"10":{"name":"(anonymous_10)","decl":{"start":{"line":121,"column":72},"end":{"line":121,"column":73}},"loc":{"start":{"line":121,"column":77},"end":{"line":121,"column":81}},"line":121},"11":{"name":"(anonymous_11)","decl":{"start":{"line":171,"column":36},"end":{"line":171,"column":37}},"loc":{"start":{"line":171,"column":46},"end":{"line":171,"column":69}},"line":171},"12":{"name":"notifyRevisitedOpportunities","decl":{"start":{"line":193,"column":15},"end":{"line":193,"column":43}},"loc":{"start":{"line":193,"column":61},"end":{"line":261,"column":1}},"line":193},"13":{"name":"(anonymous_13)","decl":{"start":{"line":206,"column":47},"end":{"line":206,"column":48}},"loc":{"start":{"line":206,"column":52},"end":{"line":206,"column":56}},"line":206},"14":{"name":"reactivateContact","decl":{"start":{"line":275,"column":15},"end":{"line":275,"column":32}},"loc":{"start":{"line":275,"column":80},"end":{"line":330,"column":1}},"line":275},"15":{"name":"_monthsAgo","decl":{"start":{"line":334,"column":9},"end":{"line":334,"column":19}},"loc":{"start":{"line":334,"column":23},"end":{"line":338,"column":1}},"line":334},"16":{"name":"_diffInMonths","decl":{"start":{"line":340,"column":9},"end":{"line":340,"column":22}},"loc":{"start":{"line":340,"column":29},"end":{"line":345,"column":1}},"line":340},"17":{"name":"_sendRevisitedOpportunityNotification","decl":{"start":{"line":347,"column":15},"end":{"line":347,"column":52}},"loc":{"start":{"line":347,"column":106},"end":{"line":387,"column":1}},"line":347},"18":{"name":"(anonymous_18)","decl":{"start":{"line":386,"column":13},"end":{"line":386,"column":14}},"loc":{"start":{"line":386,"column":20},"end":{"line":386,"column":144}},"line":386},"19":{"name":"findSimilarCandidates","decl":{"start":{"line":402,"column":9},"end":{"line":402,"column":30}},"loc":{"start":{"line":402,"column":94},"end":{"line":440,"column":1}},"line":402},"20":{"name":"(anonymous_20)","decl":{"start":{"line":407,"column":52},"end":{"line":407,"column":53}},"loc":{"start":{"line":407,"column":57},"end":{"line":407,"column":79}},"line":407},"21":{"name":"(anonymous_21)","decl":{"start":{"line":409,"column":42},"end":{"line":409,"column":43}},"loc":{"start":{"line":410,"column":8},"end":{"line":413,"column":31}},"line":410},"22":{"name":"(anonymous_22)","decl":{"start":{"line":416,"column":30},"end":{"line":416,"column":31}},"loc":{"start":{"line":416,"column":37},"end":{"line":434,"column":5}},"line":416},"23":{"name":"(anonymous_23)","decl":{"start":{"line":419,"column":44},"end":{"line":419,"column":45}},"loc":{"start":{"line":419,"column":49},"end":{"line":419,"column":71}},"line":419},"24":{"name":"(anonymous_24)","decl":{"start":{"line":421,"column":50},"end":{"line":421,"column":51}},"loc":{"start":{"line":421,"column":55},"end":{"line":421,"column":70}},"line":421},"25":{"name":"(anonymous_25)","decl":{"start":{"line":437,"column":16},"end":{"line":437,"column":17}},"loc":{"start":{"line":437,"column":21},"end":{"line":437,"column":66}},"line":437},"26":{"name":"(anonymous_26)","decl":{"start":{"line":438,"column":14},"end":{"line":438,"column":15}},"loc":{"start":{"line":438,"column":24},"end":{"line":438,"column":105}},"line":438}},"branchMap":{"0":{"loc":{"start":{"line":45,"column":4},"end":{"line":45,"column":26}},"type":"if","locations":[{"start":{"line":45,"column":4},"end":{"line":45,"column":26}},{"start":{},"end":{}}],"line":45},"1":{"loc":{"start":{"line":53,"column":33},"end":{"line":53,"column":45}},"type":"binary-expr","locations":[{"start":{"line":53,"column":33},"end":{"line":53,"column":39}},{"start":{"line":53,"column":43},"end":{"line":53,"column":45}}],"line":53},"2":{"loc":{"start":{"line":56,"column":4},"end":{"line":56,"column":47}},"type":"if","locations":[{"start":{"line":56,"column":4},"end":{"line":56,"column":47}},{"start":{},"end":{}}],"line":56},"3":{"loc":{"start":{"line":60,"column":9},"end":{"line":60,"column":24}},"type":"binary-expr","locations":[{"start":{"line":60,"column":9},"end":{"line":60,"column":18}},{"start":{"line":60,"column":22},"end":{"line":60,"column":24}}],"line":60},"4":{"loc":{"start":{"line":60,"column":26},"end":{"line":60,"column":48}},"type":"binary-expr","locations":[{"start":{"line":60,"column":26},"end":{"line":60,"column":42}},{"start":{"line":60,"column":46},"end":{"line":60,"column":48}}],"line":60},"5":{"loc":{"start":{"line":60,"column":50},"end":{"line":60,"column":71}},"type":"binary-expr","locations":[{"start":{"line":60,"column":50},"end":{"line":60,"column":65}},{"start":{"line":60,"column":69},"end":{"line":60,"column":71}}],"line":60},"6":{"loc":{"start":{"line":77,"column":4},"end":{"line":79,"column":5}},"type":"if","locations":[{"start":{"line":77,"column":4},"end":{"line":79,"column":5}},{"start":{},"end":{}}],"line":77},"7":{"loc":{"start":{"line":77,"column":8},"end":{"line":77,"column":56}},"type":"binary-expr","locations":[{"start":{"line":77,"column":8},"end":{"line":77,"column":17}},{"start":{"line":77,"column":21},"end":{"line":77,"column":36}},{"start":{"line":77,"column":40},"end":{"line":77,"column":43}},{"start":{"line":77,"column":47},"end":{"line":77,"column":56}}],"line":77},"8":{"loc":{"start":{"line":114,"column":41},"end":{"line":114,"column":83}},"type":"cond-expr","locations":[{"start":{"line":114,"column":64},"end":{"line":114,"column":77}},{"start":{"line":114,"column":80},"end":{"line":114,"column":83}}],"line":114},"9":{"loc":{"start":{"line":123,"column":8},"end":{"line":123,"column":54}},"type":"if","locations":[{"start":{"line":123,"column":8},"end":{"line":123,"column":54}},{"start":{},"end":{}}],"line":123},"10":{"loc":{"start":{"line":135,"column":8},"end":{"line":135,"column":53}},"type":"if","locations":[{"start":{"line":135,"column":8},"end":{"line":135,"column":53}},{"start":{},"end":{}}],"line":135},"11":{"loc":{"start":{"line":140,"column":12},"end":{"line":142,"column":13}},"type":"if","locations":[{"start":{"line":140,"column":12},"end":{"line":142,"column":13}},{"start":{},"end":{}}],"line":140},"12":{"loc":{"start":{"line":148,"column":12},"end":{"line":148,"column":63}},"type":"if","locations":[{"start":{"line":148,"column":12},"end":{"line":148,"column":63}},{"start":{},"end":{}}],"line":148},"13":{"loc":{"start":{"line":156,"column":12},"end":{"line":156,"column":64}},"type":"if","locations":[{"start":{"line":156,"column":12},"end":{"line":156,"column":64}},{"start":{},"end":{}}],"line":156},"14":{"loc":{"start":{"line":156,"column":16},"end":{"line":156,"column":53}},"type":"binary-expr","locations":[{"start":{"line":156,"column":16},"end":{"line":156,"column":26}},{"start":{"line":156,"column":30},"end":{"line":156,"column":53}}],"line":156},"15":{"loc":{"start":{"line":158,"column":29},"end":{"line":158,"column":60}},"type":"cond-expr","locations":[{"start":{"line":158,"column":42},"end":{"line":158,"column":54}},{"start":{"line":158,"column":57},"end":{"line":158,"column":60}}],"line":158},"16":{"loc":{"start":{"line":160,"column":12},"end":{"line":160,"column":51}},"type":"if","locations":[{"start":{"line":160,"column":12},"end":{"line":160,"column":51}},{"start":{},"end":{}}],"line":160},"17":{"loc":{"start":{"line":207,"column":8},"end":{"line":207,"column":44}},"type":"if","locations":[{"start":{"line":207,"column":8},"end":{"line":207,"column":44}},{"start":{},"end":{}}],"line":207},"18":{"loc":{"start":{"line":218,"column":8},"end":{"line":218,"column":50}},"type":"if","locations":[{"start":{"line":218,"column":8},"end":{"line":218,"column":50}},{"start":{},"end":{}}],"line":218},"19":{"loc":{"start":{"line":223,"column":12},"end":{"line":225,"column":13}},"type":"if","locations":[{"start":{"line":223,"column":12},"end":{"line":225,"column":13}},{"start":{},"end":{}}],"line":223},"20":{"loc":{"start":{"line":231,"column":12},"end":{"line":231,"column":57}},"type":"if","locations":[{"start":{"line":231,"column":12},"end":{"line":231,"column":57}},{"start":{},"end":{}}],"line":231},"21":{"loc":{"start":{"line":238,"column":12},"end":{"line":238,"column":64}},"type":"if","locations":[{"start":{"line":238,"column":12},"end":{"line":238,"column":64}},{"start":{},"end":{}}],"line":238},"22":{"loc":{"start":{"line":238,"column":16},"end":{"line":238,"column":53}},"type":"binary-expr","locations":[{"start":{"line":238,"column":16},"end":{"line":238,"column":26}},{"start":{"line":238,"column":30},"end":{"line":238,"column":53}}],"line":238},"23":{"loc":{"start":{"line":240,"column":29},"end":{"line":240,"column":60}},"type":"cond-expr","locations":[{"start":{"line":240,"column":42},"end":{"line":240,"column":54}},{"start":{"line":240,"column":57},"end":{"line":240,"column":60}}],"line":240},"24":{"loc":{"start":{"line":242,"column":12},"end":{"line":242,"column":51}},"type":"if","locations":[{"start":{"line":242,"column":12},"end":{"line":242,"column":51}},{"start":{},"end":{}}],"line":242},"25":{"loc":{"start":{"line":247,"column":27},"end":{"line":247,"column":58}},"type":"cond-expr","locations":[{"start":{"line":247,"column":40},"end":{"line":247,"column":52}},{"start":{"line":247,"column":55},"end":{"line":247,"column":58}}],"line":247},"26":{"loc":{"start":{"line":255,"column":8},"end":{"line":257,"column":9}},"type":"if","locations":[{"start":{"line":255,"column":8},"end":{"line":257,"column":9}},{"start":{},"end":{}}],"line":255},"27":{"loc":{"start":{"line":282,"column":8},"end":{"line":282,"column":75}},"type":"if","locations":[{"start":{"line":282,"column":8},"end":{"line":282,"column":75}},{"start":{},"end":{}}],"line":282},"28":{"loc":{"start":{"line":283,"column":8},"end":{"line":283,"column":80}},"type":"if","locations":[{"start":{"line":283,"column":8},"end":{"line":283,"column":80}},{"start":{},"end":{}}],"line":283},"29":{"loc":{"start":{"line":284,"column":8},"end":{"line":284,"column":87}},"type":"if","locations":[{"start":{"line":284,"column":8},"end":{"line":284,"column":87}},{"start":{},"end":{}}],"line":284},"30":{"loc":{"start":{"line":375,"column":71},"end":{"line":375,"column":103}},"type":"cond-expr","locations":[{"start":{"line":375,"column":82},"end":{"line":375,"column":98}},{"start":{"line":375,"column":101},"end":{"line":375,"column":103}}],"line":375},"31":{"loc":{"start":{"line":402,"column":83},"end":{"line":402,"column":92}},"type":"default-arg","locations":[{"start":{"line":402,"column":91},"end":{"line":402,"column":92}}],"line":402},"32":{"loc":{"start":{"line":403,"column":4},"end":{"line":403,"column":73}},"type":"if","locations":[{"start":{"line":403,"column":4},"end":{"line":403,"column":73}},{"start":{},"end":{}}],"line":403},"33":{"loc":{"start":{"line":403,"column":8},"end":{"line":403,"column":61}},"type":"binary-expr","locations":[{"start":{"line":403,"column":8},"end":{"line":403,"column":26}},{"start":{"line":403,"column":30},"end":{"line":403,"column":34}},{"start":{"line":403,"column":38},"end":{"line":403,"column":61}}],"line":403},"34":{"loc":{"start":{"line":410,"column":8},"end":{"line":413,"column":31}},"type":"binary-expr","locations":[{"start":{"line":410,"column":8},"end":{"line":410,"column":45}},{"start":{"line":411,"column":8},"end":{"line":411,"column":33}},{"start":{"line":412,"column":8},"end":{"line":412,"column":32}},{"start":{"line":413,"column":8},"end":{"line":413,"column":31}}],"line":410},"35":{"loc":{"start":{"line":423,"column":27},"end":{"line":423,"column":94}},"type":"cond-expr","locations":[{"start":{"line":423,"column":44},"end":{"line":423,"column":90}},{"start":{"line":423,"column":93},"end":{"line":423,"column":94}}],"line":423},"36":{"loc":{"start":{"line":428,"column":27},"end":{"line":428,"column":46}},"type":"binary-expr","locations":[{"start":{"line":428,"column":27},"end":{"line":428,"column":40}},{"start":{"line":428,"column":44},"end":{"line":428,"column":46}}],"line":428}},"s":{"0":4,"1":4,"2":4,"3":4,"4":4,"5":4,"6":4,"7":4,"8":4,"9":4,"10":4,"11":25,"12":2,"13":23,"14":23,"15":95,"16":13,"17":108,"18":23,"19":2,"20":21,"21":232,"22":232,"23":21,"24":104,"25":21,"26":18,"27":3,"28":15,"29":8,"30":8,"31":8,"32":8,"33":15,"34":8,"35":8,"36":8,"37":0,"38":8,"39":0,"40":8,"41":8,"42":1,"43":7,"44":7,"45":8,"46":8,"47":7,"48":7,"49":8,"50":0,"51":8,"52":8,"53":1,"54":7,"55":7,"56":7,"57":2,"58":5,"59":7,"60":1,"61":7,"62":7,"63":0,"64":0,"65":8,"66":8,"67":8,"68":8,"69":7,"70":8,"71":1,"72":7,"73":7,"74":1,"75":6,"76":6,"77":6,"78":6,"79":6,"80":6,"81":6,"82":0,"83":6,"84":6,"85":1,"86":5,"87":5,"88":5,"89":2,"90":3,"91":3,"92":3,"93":6,"94":3,"95":0,"96":5,"97":5,"98":5,"99":1,"100":4,"101":1,"102":3,"103":1,"104":2,"105":2,"106":2,"107":2,"108":2,"109":2,"110":2,"111":0,"112":0,"113":16,"114":16,"115":16,"116":3,"117":3,"118":3,"119":3,"120":3,"121":3,"122":3,"123":3,"124":3,"125":1,"126":0,"127":0,"128":0,"129":0,"130":0,"131":0,"132":0,"133":0,"134":0,"135":0,"136":0,"137":0,"138":0,"139":0,"140":0,"141":0,"142":0,"143":0,"144":0,"145":0,"146":0,"147":4},"f":{"0":25,"1":95,"2":13,"3":108,"4":232,"5":232,"6":104,"7":18,"8":8,"9":15,"10":0,"11":1,"12":8,"13":7,"14":5,"15":16,"16":3,"17":3,"18":1,"19":0,"20":0,"21":0,"22":0,"23":0,"24":0,"25":0,"26":0},"b":{"0":[2,23],"1":[13,0],"2":[2,21],"3":[21,0],"4":[21,0],"5":[21,2],"6":[3,15],"7":[18,17,6,5],"8":[8,0],"9":[0,8],"10":[1,7],"11":[8,0],"12":[0,8],"13":[1,7],"14":[8,8],"15":[7,0],"16":[2,5],"17":[1,7],"18":[1,6],"19":[6,0],"20":[0,6],"21":[1,5],"22":[6,6],"23":[5,0],"24":[2,3],"25":[3,0],"26":[3,3],"27":[1,4],"28":[1,3],"29":[1,2],"30":[0,3],"31":[0],"32":[0,0],"33":[0,0,0],"34":[0,0,0,0],"35":[0,0],"36":[0,0]},"inputSourceMap":null,"_coverageSchema":"1a1c01bbd47fc00a2c39e90264f33305004495a9","hash":"b56f1fa322ac8197397920bfdcef60bd27cc9900"}
}
