TN:
SF:src\services\applicationService.js
FN:14,applyToJob
FN:45,(anonymous_1)
FN:54,(anonymous_2)
FN:69,updateApplicationStatus
FN:106,(anonymous_4)
FN:128,updateApplicationStage
FN:166,cancelApplication
FN:192,(anonymous_7)
FN:197,_sendCancellationEmail
FN:227,sendBulkClosingFeedback
FN:237,(anonymous_10)
FN:245,_scoreOpenAnswers
FN:250,(anonymous_12)
FN:251,(anonymous_13)
FN:255,(anonymous_14)
FN:271,_sendRejectionFeedback
FN:280,(anonymous_16)
FN:304,_buildResumeHtml
FN:315,(anonymous_18)
FN:321,(anonymous_19)
FN:326,(anonymous_20)
FN:330,_buildApplicationEmail
FN:343,_sendCongratsEmail
FNF:23
FNH:17
FNDA:13,applyToJob
FNDA:13,(anonymous_1)
FNDA:13,(anonymous_2)
FNDA:7,updateApplicationStatus
FNDA:1,(anonymous_4)
FNDA:5,updateApplicationStage
FNDA:0,cancelApplication
FNDA:0,(anonymous_7)
FNDA:0,_sendCancellationEmail
FNDA:11,sendBulkClosingFeedback
FNDA:5,(anonymous_10)
FNDA:13,_scoreOpenAnswers
FNDA:0,(anonymous_12)
FNDA:0,(anonymous_13)
FNDA:0,(anonymous_14)
FNDA:7,_sendRejectionFeedback
FNDA:5,(anonymous_16)
FNDA:13,_buildResumeHtml
FNDA:13,(anonymous_18)
FNDA:13,(anonymous_19)
FNDA:52,(anonymous_20)
FNDA:13,_buildApplicationEmail
FNDA:1,_sendCongratsEmail
DA:2,3
DA:3,3
DA:4,3
DA:5,3
DA:6,3
DA:7,3
DA:8,3
DA:9,3
DA:16,13
DA:19,13
DA:22,13
DA:23,13
DA:24,13
DA:33,13
DA:34,13
DA:35,13
DA:36,13
DA:37,13
DA:38,13
DA:40,13
DA:42,13
DA:43,13
DA:45,13
DA:46,13
DA:54,13
DA:70,7
DA:71,7
DA:73,7
DA:74,7
DA:75,7
DA:76,7
DA:78,7
DA:80,6
DA:81,1
DA:82,5
DA:83,3
DA:84,2
DA:85,0
DA:87,2
DA:90,6
DA:98,7
DA:103,7
DA:104,1
DA:106,1
DA:110,1
DA:116,7
DA:117,2
DA:119,7
DA:120,1
DA:129,5
DA:130,5
DA:131,5
DA:136,5
DA:137,5
DA:138,5
DA:144,5
DA:145,5
DA:167,0
DA:168,0
DA:172,0
DA:175,0
DA:176,0
DA:177,0
DA:185,0
DA:192,0
DA:193,0
DA:198,0
DA:199,0
DA:200,0
DA:228,11
DA:229,11
DA:231,11
DA:234,11
DA:235,5
DA:236,5
DA:237,5
DA:239,11
DA:241,0
DA:246,13
DA:247,13
DA:248,13
DA:249,13
DA:250,0
DA:251,0
DA:253,13
DA:255,0
DA:256,0
DA:261,0
DA:262,0
DA:263,0
DA:264,0
DA:265,0
DA:267,0
DA:272,7
DA:273,7
DA:274,7
DA:275,7
DA:276,7
DA:278,7
DA:280,5
DA:282,7
DA:286,7
DA:288,7
DA:292,7
DA:298,7
DA:300,0
DA:305,13
DA:316,13
DA:322,13
DA:326,52
DA:331,13
DA:344,1
DA:345,1
DA:346,1
DA:347,1
DA:348,1
DA:366,1
DA:368,0
DA:372,3
LF:119
LH:93
BRDA:23,0,0,13
BRDA:23,0,1,0
BRDA:34,1,0,13
BRDA:34,1,1,13
BRDA:34,1,2,13
BRDA:35,2,0,13
BRDA:35,2,1,13
BRDA:35,2,2,13
BRDA:36,3,0,13
BRDA:36,3,1,13
BRDA:36,3,2,13
BRDA:37,4,0,13
BRDA:37,4,1,13
BRDA:37,4,2,13
BRDA:38,5,0,13
BRDA:38,5,1,13
BRDA:38,5,2,13
BRDA:51,6,0,12
BRDA:51,6,1,1
BRDA:54,7,0,13
BRDA:54,7,1,10
BRDA:76,8,0,7
BRDA:76,8,1,2
BRDA:78,9,0,6
BRDA:78,9,1,1
BRDA:78,10,0,7
BRDA:78,10,1,4
BRDA:78,10,2,2
BRDA:80,11,0,1
BRDA:80,11,1,5
BRDA:82,12,0,3
BRDA:82,12,1,2
BRDA:84,13,0,0
BRDA:84,13,1,2
BRDA:93,14,0,4
BRDA:93,14,1,2
BRDA:93,15,0,6
BRDA:93,15,1,3
BRDA:103,16,0,1
BRDA:103,16,1,6
BRDA:106,17,0,1
BRDA:106,17,1,0
BRDA:116,18,0,2
BRDA:116,18,1,5
BRDA:119,19,0,1
BRDA:119,19,1,6
BRDA:129,20,0,5
BRDA:129,20,1,0
BRDA:137,21,0,5
BRDA:137,21,1,0
BRDA:144,22,0,5
BRDA:144,22,1,0
BRDA:167,23,0,0
BRDA:167,23,1,0
BRDA:176,24,0,0
BRDA:176,24,1,0
BRDA:198,25,0,0
BRDA:198,25,1,0
BRDA:199,26,0,0
BRDA:199,26,1,0
BRDA:247,27,0,13
BRDA:247,27,1,0
BRDA:251,28,0,0
BRDA:251,28,1,0
BRDA:251,28,2,0
BRDA:253,29,0,13
BRDA:253,29,1,0
BRDA:262,30,0,0
BRDA:262,30,1,0
BRDA:265,31,0,0
BRDA:265,31,1,0
BRDA:271,32,0,5
BRDA:274,33,0,0
BRDA:274,33,1,7
BRDA:278,34,0,0
BRDA:278,34,1,7
BRDA:280,35,0,7
BRDA:280,35,1,0
BRDA:280,36,0,7
BRDA:280,36,1,2
BRDA:280,37,0,7
BRDA:280,37,1,2
BRDA:286,38,0,0
BRDA:286,38,1,7
BRDA:288,39,0,0
BRDA:288,39,1,7
BRDA:296,40,0,7
BRDA:296,40,1,0
BRDA:308,41,0,0
BRDA:308,41,1,13
BRDA:309,42,0,0
BRDA:309,42,1,13
BRDA:310,43,0,0
BRDA:310,43,1,13
BRDA:311,44,0,0
BRDA:311,44,1,13
BRDA:312,45,0,0
BRDA:312,45,1,13
BRDA:314,46,0,13
BRDA:314,46,1,0
BRDA:315,47,0,13
BRDA:315,47,1,0
BRDA:318,48,0,13
BRDA:318,48,1,0
BRDA:319,49,0,13
BRDA:319,49,1,0
BRDA:321,50,0,13
BRDA:321,50,1,0
BRDA:324,51,0,13
BRDA:324,51,1,0
BRDA:326,52,0,13
BRDA:326,52,1,0
BRDA:338,53,0,0
BRDA:338,53,1,13
BRDA:346,54,0,0
BRDA:346,54,1,1
BRDA:347,55,0,1
BRDA:347,55,1,0
BRF:118
BRH:74
end_of_record
TN:
SF:src\services\availabilityService.js
FN:42,daysAgo
FN:54,isAvailable
FN:63,setAvailability
FN:92,checkAndUpdateAvailability
FN:132,getAvailableCandidateIds
FN:141,(anonymous_5)
FN:146,_hasRecentActivity
FN:169,_notifySuggestUnavailable
FNF:8
FNH:8
FNDA:3,daysAgo
FNDA:27,isAvailable
FNDA:7,setAvailability
FNDA:6,checkAndUpdateAvailability
FNDA:2,getAvailableCandidateIds
FNDA:3,(anonymous_5)
FNDA:3,_hasRecentActivity
FNDA:1,_notifySuggestUnavailable
DA:13,5
DA:14,5
DA:15,5
DA:19,5
DA:31,5
DA:37,5
DA:38,5
DA:43,3
DA:44,3
DA:45,3
DA:55,27
DA:64,7
DA:65,1
DA:68,6
DA:77,6
DA:93,6
DA:94,6
DA:95,6
DA:98,4
DA:102,4
DA:103,1
DA:105,1
DA:107,1
DA:111,3
DA:112,3
DA:113,2
DA:114,1
DA:115,1
DA:117,1
DA:120,1
DA:122,0
DA:123,0
DA:133,2
DA:141,3
DA:147,3
DA:150,3
DA:153,3
DA:156,2
DA:157,2
DA:160,2
DA:163,2
DA:166,2
DA:170,1
DA:171,1
DA:172,1
DA:174,1
DA:181,1
DA:182,0
DA:188,0
DA:194,5
LF:50
LH:46
BRDA:64,0,0,1
BRDA:64,0,1,6
BRDA:92,1,0,6
BRDA:95,2,0,2
BRDA:95,2,1,4
BRDA:95,3,0,6
BRDA:95,3,1,5
BRDA:102,4,0,1
BRDA:102,4,1,3
BRDA:103,5,0,1
BRDA:103,5,1,0
BRDA:112,6,0,2
BRDA:112,6,1,1
BRDA:113,7,0,1
BRDA:113,7,1,1
BRDA:153,8,0,1
BRDA:153,8,1,2
BRDA:160,9,0,0
BRDA:160,9,1,2
BRDA:181,10,0,0
BRDA:181,10,1,1
BRF:21
BRH:18
end_of_record
TN:
SF:src\services\onboardingService.js
FN:31,checkItem
FN:59,(anonymous_1)
FN:81,(anonymous_2)
FN:105,getChecklistStatus
FN:112,(anonymous_4)
FN:114,(anonymous_5)
FN:115,(anonymous_6)
FN:130,_emptyChecklist
FNF:8
FNH:8
FNDA:115,checkItem
FNDA:5,(anonymous_1)
FNDA:5,(anonymous_2)
FNDA:19,getChecklistStatus
FNDA:115,(anonymous_4)
FNDA:115,(anonymous_5)
FNDA:115,(anonymous_6)
FNDA:1,_emptyChecklist
DA:1,1
DA:2,1
DA:8,1
DA:17,1
DA:32,115
DA:33,115
DA:34,66
DA:36,11
DA:38,11
DA:40,11
DA:42,11
DA:44,11
DA:46,11
DA:49,49
DA:51,7
DA:53,7
DA:55,7
DA:57,7
DA:58,7
DA:59,5
DA:63,7
DA:66,7
DA:73,7
DA:77,7
DA:78,7
DA:79,5
DA:81,5
DA:89,0
DA:91,0
DA:107,19
DA:109,18
DA:110,18
DA:112,115
DA:114,115
DA:115,115
DA:116,18
DA:117,18
DA:119,18
DA:131,1
DA:134,1
LF:40
LH:38
BRDA:33,0,0,66
BRDA:33,0,1,49
BRDA:34,1,0,11
BRDA:34,1,1,11
BRDA:34,1,2,11
BRDA:34,1,3,11
BRDA:34,1,4,11
BRDA:34,1,5,11
BRDA:36,2,0,11
BRDA:36,2,1,4
BRDA:36,2,2,3
BRDA:49,3,0,7
BRDA:49,3,1,7
BRDA:49,3,2,7
BRDA:49,3,3,7
BRDA:49,3,4,7
BRDA:49,3,5,7
BRDA:49,3,6,7
BRDA:51,4,0,7
BRDA:51,4,1,1
BRDA:51,4,2,1
BRDA:58,5,0,2
BRDA:58,5,1,5
BRDA:78,6,0,2
BRDA:78,6,1,5
BRDA:107,7,0,1
BRDA:107,7,1,18
BRDA:110,8,0,11
BRDA:110,8,1,7
BRDA:124,9,0,18
BRDA:124,9,1,0
BRDA:126,10,0,18
BRDA:126,10,1,17
BRF:33
BRH:32
end_of_record
TN:
SF:src\services\responsividadeService.js
FN:14,calcularMetricas
FN:18,(anonymous_1)
FN:23,(anonymous_2)
FN:41,getResponsiveCompanies
FN:51,(anonymous_4)
FN:52,(anonymous_5)
FNF:6
FNH:6
FNDA:14,calcularMetricas
FNDA:42,(anonymous_1)
FNDA:27,(anonymous_2)
FNDA:9,getResponsiveCompanies
FNDA:5,(anonymous_4)
FNDA:5,(anonymous_5)
DA:5,2
DA:6,2
DA:7,2
DA:15,14
DA:16,14
DA:18,42
DA:19,11
DA:21,11
DA:22,11
DA:23,9
DA:24,27
DA:25,9
DA:28,11
DA:42,9
DA:43,7
DA:45,7
DA:49,6
DA:51,5
DA:52,5
DA:55,5
DA:61,5
DA:62,5
DA:63,20
DA:64,20
DA:65,20
DA:68,5
DA:69,5
DA:70,5
DA:71,5
DA:73,5
DA:75,1
DA:76,1
DA:80,2
LF:33
LH:33
BRDA:16,0,0,3
BRDA:16,0,1,11
BRDA:22,1,0,9
BRDA:22,1,1,2
BRDA:31,2,0,11
BRDA:31,2,1,7
BRDA:42,3,0,2
BRDA:42,3,1,7
BRDA:42,4,0,9
BRDA:42,4,1,9
BRDA:49,5,0,1
BRDA:49,5,1,5
BRDA:64,6,0,3
BRDA:64,6,1,17
BRDA:70,7,0,5
BRDA:70,7,1,2
BRDA:71,8,0,2
BRDA:71,8,1,3
BRF:18
BRH:18
end_of_record
TN:
SF:src\services\searchService.js
FN:12,getBlockedCompanyIds
FN:16,(anonymous_1)
FN:23,searchJobs
FN:45,(anonymous_3)
FN:52,(anonymous_4)
FN:82,parseSalaryMin
FN:83,(anonymous_6)
FN:89,(anonymous_7)
FN:102,attachBadges
FN:103,(anonymous_9)
FN:105,(anonymous_10)
FN:114,getSuggestions
FN:117,(anonymous_12)
FN:124,buildPagination
FNF:14
FNH:9
FNDA:6,getBlockedCompanyIds
FNDA:3,(anonymous_1)
FNDA:4,searchJobs
FNDA:1,(anonymous_3)
FNDA:0,(anonymous_4)
FNDA:0,parseSalaryMin
FNDA:0,(anonymous_6)
FNDA:0,(anonymous_7)
FNDA:4,attachBadges
FNDA:3,(anonymous_9)
FNDA:3,(anonymous_10)
FNDA:2,getSuggestions
FNDA:0,(anonymous_12)
FNDA:9,buildPagination
DA:1,1
DA:2,1
DA:3,1
DA:4,1
DA:5,1
DA:7,1
DA:13,6
DA:14,4
DA:15,4
DA:16,3
DA:17,1
DA:24,4
DA:25,4
DA:26,4
DA:27,4
DA:29,4
DA:30,1
DA:38,1
DA:45,1
DA:47,1
DA:48,0
DA:49,0
DA:51,0
DA:52,0
DA:54,0
DA:55,0
DA:63,4
DA:64,4
DA:65,4
DA:66,4
DA:67,4
DA:68,4
DA:69,4
DA:71,4
DA:72,4
DA:74,4
DA:75,4
DA:78,4
DA:79,0
DA:80,0
DA:81,0
DA:82,0
DA:83,0
DA:88,4
DA:89,0
DA:90,0
DA:91,0
DA:96,4
DA:103,4
DA:104,4
DA:105,4
DA:115,2
DA:116,2
DA:117,1
DA:118,1
DA:125,9
DA:126,9
DA:127,9
DA:128,9
DA:129,9
DA:130,9
DA:131,9
DA:132,9
DA:134,9
DA:135,9
DA:136,19
DA:139,9
DA:149,1
LF:68
LH:54
BRDA:13,0,0,2
BRDA:13,0,1,4
BRDA:13,1,0,6
BRDA:13,1,1,5
BRDA:29,2,0,1
BRDA:29,2,1,3
BRDA:29,3,0,4
BRDA:29,3,1,1
BRDA:32,4,0,0
BRDA:32,4,1,1
BRDA:32,5,0,1
BRDA:32,5,1,0
BRDA:33,6,0,0
BRDA:33,6,1,1
BRDA:33,7,0,1
BRDA:33,7,1,0
BRDA:34,8,0,0
BRDA:34,8,1,1
BRDA:35,9,0,0
BRDA:35,9,1,1
BRDA:47,10,0,0
BRDA:47,10,1,1
BRDA:47,11,0,1
BRDA:47,11,1,0
BRDA:47,11,2,0
BRDA:54,12,0,0
BRDA:54,12,1,0
BRDA:63,13,0,4
BRDA:63,13,1,0
BRDA:65,14,0,1
BRDA:65,14,1,3
BRDA:66,15,0,1
BRDA:66,15,1,3
BRDA:66,16,0,4
BRDA:66,16,1,1
BRDA:67,17,0,0
BRDA:67,17,1,4
BRDA:67,18,0,4
BRDA:67,18,1,0
BRDA:68,19,0,0
BRDA:68,19,1,4
BRDA:69,20,0,1
BRDA:69,20,1,3
BRDA:71,21,0,3
BRDA:71,21,1,1
BRDA:78,22,0,0
BRDA:78,22,1,4
BRDA:78,23,0,4
BRDA:78,23,1,0
BRDA:81,24,0,0
BRDA:81,24,1,0
BRDA:82,25,0,0
BRDA:82,25,1,0
BRDA:82,26,0,0
BRDA:82,26,1,0
BRDA:83,27,0,0
BRDA:83,27,1,0
BRDA:88,28,0,0
BRDA:88,28,1,4
BRDA:88,29,0,4
BRDA:88,29,1,0
BRDA:103,30,0,2
BRDA:103,30,1,1
BRDA:106,31,0,2
BRDA:106,31,1,1
BRDA:107,32,0,2
BRDA:107,32,1,1
BRDA:126,33,0,1
BRDA:126,33,1,8
BRDA:127,34,0,1
BRDA:127,34,1,8
BRDA:127,35,0,9
BRDA:127,35,1,2
BRDA:128,36,0,0
BRDA:128,36,1,9
BRDA:128,37,0,9
BRDA:128,37,1,1
BRDA:129,38,0,0
BRDA:129,38,1,9
BRDA:129,39,0,9
BRDA:129,39,1,1
BRDA:130,40,0,0
BRDA:130,40,1,9
BRDA:130,41,0,9
BRDA:130,41,1,1
BRDA:131,42,0,1
BRDA:131,42,1,8
BRF:87
BRH:57
end_of_record
TN:
SF:src\services\similarCandidatesService.js
FN:31,findSuggestedCandidates
FN:41,(anonymous_1)
FN:58,(anonymous_2)
FN:60,(anonymous_3)
FN:63,(anonymous_4)
FN:70,(anonymous_5)
FN:84,(anonymous_6)
FN:90,(anonymous_7)
FN:99,(anonymous_8)
FN:118,(anonymous_9)
FN:140,findCandidatesSimilarTo
FN:150,(anonymous_11)
FN:157,(anonymous_12)
FN:172,(anonymous_13)
FN:174,(anonymous_14)
FN:186,(anonymous_15)
FN:190,(anonymous_16)
FN:200,(anonymous_17)
FN:219,(anonymous_18)
FN:239,contactSuggestedCandidate
FN:298,(anonymous_20)
FNF:21
FNH:10
FNDA:8,findSuggestedCandidates
FNDA:1,(anonymous_1)
FNDA:9,(anonymous_2)
FNDA:8,(anonymous_3)
FNDA:5,(anonymous_4)
FNDA:0,(anonymous_5)
FNDA:33,(anonymous_6)
FNDA:0,(anonymous_7)
FNDA:30,(anonymous_8)
FNDA:4,(anonymous_9)
FNDA:0,findCandidatesSimilarTo
FNDA:0,(anonymous_11)
FNDA:0,(anonymous_12)
FNDA:0,(anonymous_13)
FNDA:0,(anonymous_14)
FNDA:0,(anonymous_15)
FNDA:0,(anonymous_16)
FNDA:0,(anonymous_17)
FNDA:0,(anonymous_18)
FNDA:9,contactSuggestedCandidate
FNDA:1,(anonymous_20)
DA:11,2
DA:12,2
DA:13,2
DA:14,2
DA:15,2
DA:16,2
DA:17,2
DA:18,2
DA:20,2
DA:21,2
DA:22,2
DA:32,8
DA:33,8
DA:34,8
DA:37,6
DA:41,6
DA:42,6
DA:45,6
DA:46,6
DA:55,6
DA:58,9
DA:59,5
DA:60,8
DA:63,5
DA:64,5
DA:67,5
DA:68,5
DA:69,0
DA:70,0
DA:73,5
DA:74,5
DA:77,5
DA:78,9
DA:80,8
DA:81,8
DA:83,7
DA:84,33
DA:86,7
DA:88,7
DA:89,7
DA:90,0
DA:91,0
DA:92,0
DA:95,7
DA:96,7
DA:98,6
DA:99,30
DA:102,6
DA:117,5
DA:118,4
DA:121,0
DA:122,0
DA:141,0
DA:142,0
DA:147,0
DA:149,0
DA:150,0
DA:153,0
DA:157,0
DA:158,0
DA:160,0
DA:161,0
DA:170,0
DA:172,0
DA:173,0
DA:174,0
DA:176,0
DA:177,0
DA:179,0
DA:180,0
DA:182,0
DA:183,0
DA:185,0
DA:186,0
DA:188,0
DA:189,0
DA:190,0
DA:191,0
DA:192,0
DA:195,0
DA:196,0
DA:197,0
DA:199,0
DA:200,0
DA:203,0
DA:218,0
DA:219,0
DA:222,0
DA:223,0
DA:240,9
DA:241,9
DA:246,9
DA:247,8
DA:248,7
DA:251,6
DA:259,6
DA:261,5
DA:262,5
DA:265,5
DA:268,5
DA:274,5
DA:298,1
DA:300,5
DA:301,5
DA:303,0
DA:304,0
DA:308,2
LF:107
LH:61
BRDA:34,0,0,2
BRDA:34,0,1,6
BRDA:34,1,0,8
BRDA:34,1,1,7
BRDA:49,2,0,6
BRDA:49,2,1,0
BRDA:55,3,0,1
BRDA:55,3,1,5
BRDA:64,4,0,0
BRDA:64,4,1,5
BRDA:78,5,0,1
BRDA:78,5,1,8
BRDA:81,6,0,1
BRDA:81,6,1,7
BRDA:89,7,0,0
BRDA:89,7,1,7
BRDA:89,8,0,7
BRDA:89,8,1,0
BRDA:96,9,0,1
BRDA:96,9,1,6
BRDA:107,10,0,6
BRDA:107,10,1,6
BRDA:108,11,0,6
BRDA:108,11,1,6
BRDA:147,12,0,0
BRDA:147,12,1,0
BRDA:147,13,0,0
BRDA:147,13,1,0
BRDA:164,14,0,0
BRDA:164,14,1,0
BRDA:170,15,0,0
BRDA:170,15,1,0
BRDA:180,16,0,0
BRDA:180,16,1,0
BRDA:183,17,0,0
BRDA:183,17,1,0
BRDA:189,18,0,0
BRDA:189,18,1,0
BRDA:189,19,0,0
BRDA:189,19,1,0
BRDA:197,20,0,0
BRDA:197,20,1,0
BRDA:208,21,0,0
BRDA:208,21,1,0
BRDA:209,22,0,0
BRDA:209,22,1,0
BRDA:246,23,0,1
BRDA:246,23,1,8
BRDA:247,24,0,1
BRDA:247,24,1,7
BRDA:248,25,0,1
BRDA:248,25,1,6
BRDA:259,26,0,1
BRDA:259,26,1,5
BRF:54
BRH:28
end_of_record
TN:
SF:src\services\talentRediscoveryService.js
FN:44,calcFitScore
FN:52,(anonymous_1)
FN:53,(anonymous_2)
FN:54,(anonymous_3)
FN:64,(anonymous_4)
FN:65,(anonymous_5)
FN:68,(anonymous_6)
FN:76,applyPcdBoost
FN:96,findTalentsForJob
FN:108,(anonymous_9)
FN:121,(anonymous_10)
FN:171,(anonymous_11)
FN:193,notifyRevisitedOpportunities
FN:206,(anonymous_13)
FN:275,reactivateContact
FN:334,_monthsAgo
FN:340,_diffInMonths
FN:347,_sendRevisitedOpportunityNotification
FN:386,(anonymous_18)
FN:402,findSimilarCandidates
FN:407,(anonymous_20)
FN:409,(anonymous_21)
FN:416,(anonymous_22)
FN:419,(anonymous_23)
FN:421,(anonymous_24)
FN:437,(anonymous_25)
FN:438,(anonymous_26)
FNF:27
FNH:18
FNDA:25,calcFitScore
FNDA:95,(anonymous_1)
FNDA:13,(anonymous_2)
FNDA:108,(anonymous_3)
FNDA:232,(anonymous_4)
FNDA:232,(anonymous_5)
FNDA:104,(anonymous_6)
FNDA:18,applyPcdBoost
FNDA:8,findTalentsForJob
FNDA:15,(anonymous_9)
FNDA:0,(anonymous_10)
FNDA:1,(anonymous_11)
FNDA:8,notifyRevisitedOpportunities
FNDA:7,(anonymous_13)
FNDA:5,reactivateContact
FNDA:16,_monthsAgo
FNDA:3,_diffInMonths
FNDA:3,_sendRevisitedOpportunityNotification
FNDA:1,(anonymous_18)
FNDA:0,findSimilarCandidates
FNDA:0,(anonymous_20)
FNDA:0,(anonymous_21)
FNDA:0,(anonymous_22)
FNDA:0,(anonymous_23)
FNDA:0,(anonymous_24)
FNDA:0,(anonymous_25)
FNDA:0,(anonymous_26)
DA:18,4
DA:19,4
DA:20,4
DA:21,4
DA:22,4
DA:23,4
DA:24,4
DA:28,4
DA:29,4
DA:30,4
DA:31,4
DA:45,25
DA:47,23
DA:51,23
DA:52,95
DA:53,13
DA:54,108
DA:56,23
DA:59,21
DA:64,232
DA:65,232
DA:68,104
DA:69,21
DA:77,18
DA:78,3
DA:80,15
DA:97,8
DA:98,8
DA:101,8
DA:108,15
DA:111,8
DA:112,8
DA:121,8
DA:123,8
DA:126,8
DA:135,8
DA:138,7
DA:139,7
DA:140,8
DA:141,8
DA:146,7
DA:147,7
DA:148,8
DA:150,8
DA:156,8
DA:158,7
DA:159,7
DA:160,7
DA:162,5
DA:171,7
DA:172,7
DA:174,7
DA:176,0
DA:177,0
DA:194,8
DA:195,8
DA:198,8
DA:206,8
DA:207,8
DA:210,7
DA:218,7
DA:221,6
DA:222,6
DA:223,6
DA:224,6
DA:229,6
DA:230,6
DA:231,6
DA:233,6
DA:238,6
DA:240,5
DA:241,5
DA:242,5
DA:244,3
DA:245,3
DA:252,3
DA:255,6
DA:256,3
DA:259,0
DA:276,5
DA:277,5
DA:282,5
DA:283,4
DA:284,3
DA:286,2
DA:287,2
DA:290,2
DA:293,2
DA:299,2
DA:324,2
DA:325,2
DA:327,0
DA:328,0
DA:335,16
DA:336,16
DA:337,16
DA:341,3
DA:342,3
DA:343,3
DA:344,3
DA:348,3
DA:349,3
DA:352,3
DA:355,3
DA:361,3
DA:386,1
DA:403,0
DA:405,0
DA:406,0
DA:407,0
DA:409,0
DA:410,0
DA:416,0
DA:417,0
DA:418,0
DA:419,0
DA:421,0
DA:422,0
DA:423,0
DA:425,0
DA:436,0
DA:437,0
DA:438,0
DA:442,4
LF:124
LH:102
BRDA:45,0,0,2
BRDA:45,0,1,23
BRDA:53,1,0,13
BRDA:53,1,1,0
BRDA:56,2,0,2
BRDA:56,2,1,21
BRDA:60,3,0,21
BRDA:60,3,1,0
BRDA:60,4,0,21
BRDA:60,4,1,0
BRDA:60,5,0,21
BRDA:60,5,1,2
BRDA:77,6,0,3
BRDA:77,6,1,15
BRDA:77,7,0,18
BRDA:77,7,1,17
BRDA:77,7,2,6
BRDA:77,7,3,5
BRDA:114,8,0,8
BRDA:114,8,1,0
BRDA:123,9,0,0
BRDA:123,9,1,8
BRDA:135,10,0,1
BRDA:135,10,1,7
BRDA:140,11,0,8
BRDA:140,11,1,0
BRDA:148,12,0,0
BRDA:148,12,1,8
BRDA:156,13,0,1
BRDA:156,13,1,7
BRDA:156,14,0,8
BRDA:156,14,1,8
BRDA:158,15,0,7
BRDA:158,15,1,0
BRDA:160,16,0,2
BRDA:160,16,1,5
BRDA:207,17,0,1
BRDA:207,17,1,7
BRDA:218,18,0,1
BRDA:218,18,1,6
BRDA:223,19,0,6
BRDA:223,19,1,0
BRDA:231,20,0,0
BRDA:231,20,1,6
BRDA:238,21,0,1
BRDA:238,21,1,5
BRDA:238,22,0,6
BRDA:238,22,1,6
BRDA:240,23,0,5
BRDA:240,23,1,0
BRDA:242,24,0,2
BRDA:242,24,1,3
BRDA:247,25,0,3
BRDA:247,25,1,0
BRDA:255,26,0,3
BRDA:255,26,1,3
BRDA:282,27,0,1
BRDA:282,27,1,4
BRDA:283,28,0,1
BRDA:283,28,1,3
BRDA:284,29,0,1
BRDA:284,29,1,2
BRDA:375,30,0,0
BRDA:375,30,1,3
BRDA:402,31,0,0
BRDA:403,32,0,0
BRDA:403,32,1,0
BRDA:403,33,0,0
BRDA:403,33,1,0
BRDA:403,33,2,0
BRDA:410,34,0,0
BRDA:410,34,1,0
BRDA:410,34,2,0
BRDA:410,34,3,0
BRDA:423,35,0,0
BRDA:423,35,1,0
BRDA:428,36,0,0
BRDA:428,36,1,0
BRF:78
BRH:51
end_of_record
